Sun 14 Aug 2022 06:24:46 PM UTC: 
 exercises.c | 14 +++++++++++++-
 1 file changed, 13 insertions(+), 1 deletion(-)
In file included from test.c:5:
exercises.c: In function ‘suma’:
exercises.c:15:3: error: ignoring return value of ‘scanf’ declared with attribute ‘warn_unused_result’ [-Werror=unused-result]
   15 |   scanf("%d %d", &a ,&b);
      |   ^~~~~~~~~~~~~~~~~~~~~~
cc1: all warnings being treated as errors
Compilation failed
c0567cd
Sun 14 Aug 2022 06:25:22 PM UTC: 
 exercises.c | 2 +-
 1 file changed, 1 insertion(+), 1 deletion(-)
 tests:  1|6
total_score: 10/70
7e15a87
Sun 14 Aug 2022 07:02:39 PM UTC: 
 exercises.c | 1 +
 1 file changed, 1 insertion(+)
In file included from test.c:5:
exercises.c: In function ‘sumaNultimos’:
exercises.c:53:3: error: too few arguments to function ‘sumaN’
   53 |   sumaN()
      |   ^~~~~
exercises.c:22:5: note: declared here
   22 | int sumaN(int a[], int N) {
      |     ^~~~~
exercises.c:53:10: error: expected ‘;’ before ‘}’ token
   53 |   sumaN()
      |          ^
      |          ;
   54 | }
      | ~         
Compilation failed
351ce8e
Sun 14 Aug 2022 07:02:55 PM UTC: 
 exercises.c | 2 +-
 1 file changed, 1 insertion(+), 1 deletion(-)
 tests:  1|6
total_score: 10/70
3d5ae76
Sun 14 Aug 2022 07:04:44 PM UTC: 
 exercises.c | 2 +-
 1 file changed, 1 insertion(+), 1 deletion(-)
In file included from test.c:5:
exercises.c: In function ‘sumaNultimos’:
exercises.c:53:9: error: passing argument 1 of ‘sumaN’ makes pointer from integer without a cast [-Werror=int-conversion]
   53 |   sumaN(*aux,m);
      |         ^~~~
      |         |
      |         int
exercises.c:22:15: note: expected ‘int *’ but argument is of type ‘int’
   22 | int sumaN(int a[], int N) {
      |           ~~~~^~~
cc1: all warnings being treated as errors
Compilation failed
93107d5
Sun 14 Aug 2022 07:04:52 PM UTC: 
 exercises.c | 2 +-
 1 file changed, 1 insertion(+), 1 deletion(-)
 tests:  1|6
total_score: 10/70
a068339
Sun 14 Aug 2022 07:11:50 PM UTC: 
 exercises.c | 4 ++--
 1 file changed, 2 insertions(+), 2 deletions(-)
 tests:  1|6
total_score: 10/70
870ea7c
Sun 14 Aug 2022 07:12:45 PM UTC: 
 exercises.c | 2 +-
 1 file changed, 1 insertion(+), 1 deletion(-)
In file included from test.c:5:
exercises.c: In function ‘sumaNultimos’:
exercises.c:53:20: error: expected expression before ‘]’ token
   53 |   *suma= sumaN(aux[],m);
      |                    ^
Compilation failed
2215938
Sun 14 Aug 2022 07:12:55 PM UTC: 
 exercises.c | 2 +-
 1 file changed, 1 insertion(+), 1 deletion(-)
 tests:  1|6
total_score: 10/70
cb0e9a7
Sun 14 Aug 2022 07:15:39 PM UTC: 
 exercises.c | 2 +-
 1 file changed, 1 insertion(+), 1 deletion(-)
In file included from test.c:5:
exercises.c: In function ‘sumaNultimos’:
exercises.c:53:16: error: passing argument 1 of ‘sumaN’ makes pointer from integer without a cast [-Werror=int-conversion]
   53 |   *suma= sumaN(*aux,m);
      |                ^~~~
      |                |
      |                int
exercises.c:22:15: note: expected ‘int *’ but argument is of type ‘int’
   22 | int sumaN(int a[], int N) {
      |           ~~~~^~~
cc1: all warnings being treated as errors
Compilation failed
3109b33
Sun 14 Aug 2022 07:16:07 PM UTC: 
 exercises.c | 2 +-
 1 file changed, 1 insertion(+), 1 deletion(-)
In file included from test.c:5:
exercises.c: In function ‘sumaNultimos’:
exercises.c:53:16: error: expected expression before ‘int’
   53 |   *suma= sumaN(int* aux,int m);
      |                ^~~
exercises.c:53:10: error: too few arguments to function ‘sumaN’
   53 |   *suma= sumaN(int* aux,int m);
      |          ^~~~~
exercises.c:22:5: note: declared here
   22 | int sumaN(int a[], int N) {
      |     ^~~~~
Compilation failed
53caa5d
Sun 14 Aug 2022 07:17:32 PM UTC: 
 exercises.c | 3 ++-
 1 file changed, 2 insertions(+), 1 deletion(-)
In file included from test.c:5:
exercises.c: In function ‘sumaNultimos’:
exercises.c:53:5: error: expected expression before ‘]’ token
   53 |   a[]=aux[];
      |     ^
exercises.c:54:16: error: expected expression before ‘int’
   54 |   *suma= sumaN(int a[],int m);
      |                ^~~
exercises.c:54:10: error: too few arguments to function ‘sumaN’
   54 |   *suma= sumaN(int a[],int m);
      |          ^~~~~
exercises.c:22:5: note: declared here
   22 | int sumaN(int a[], int N) {
      |     ^~~~~
Compilation failed
b3423f1
Sun 14 Aug 2022 07:17:44 PM UTC: 
 exercises.c | 2 +-
 1 file changed, 1 insertion(+), 1 deletion(-)
In file included from test.c:5:
exercises.c: In function ‘sumaNultimos’:
exercises.c:53:5: error: expected expression before ‘]’ token
   53 |   a[]=aux[];
      |     ^
exercises.c:54:18: error: expected expression before ‘]’ token
   54 |   *suma= sumaN(a[],m);
      |                  ^
Compilation failed
a370c14
Sun 14 Aug 2022 07:17:51 PM UTC: 
 exercises.c | 2 +-
 1 file changed, 1 insertion(+), 1 deletion(-)
In file included from test.c:5:
exercises.c: In function ‘sumaNultimos’:
exercises.c:53:5: error: expected expression before ‘]’ token
   53 |   a[]=aux[];
      |     ^
Compilation failed
224857f
Sun 14 Aug 2022 07:18:14 PM UTC: 
 exercises.c | 2 +-
 1 file changed, 1 insertion(+), 1 deletion(-)
 tests:  1|6
total_score: 10/70
9b55baf
Sun 14 Aug 2022 07:21:21 PM UTC: 
 exercises.c | 4 ++--
 1 file changed, 2 insertions(+), 2 deletions(-)
In file included from test.c:5:
exercises.c: In function ‘sumaNultimos’:
exercises.c:45:3: error: ‘aux’ undeclared (first use in this function)
   45 |   aux =(int *)malloc(n*sizeof(int));
      |   ^~~
exercises.c:45:3: note: each undeclared identifier is reported only once for each function it appears in
Compilation failed
9913527
Sun 14 Aug 2022 07:21:41 PM UTC: 
 exercises.c | 2 +-
 1 file changed, 1 insertion(+), 1 deletion(-)
 tests:  1|6
total_score: 10/70
63efbda
Sun 14 Aug 2022 07:27:54 PM UTC: 
 exercises.c | 14 +++++---------
 1 file changed, 5 insertions(+), 9 deletions(-)
In file included from test.c:5:
exercises.c: In function ‘sumaNultimos’:
exercises.c:46:10: error: statement with no effect [-Werror=unused-value]
   46 |   for (i < n;i++){
      |        ~~^~~
exercises.c:46:17: error: expected ‘;’ before ‘)’ token
   46 |   for (i < n;i++){
      |                 ^
      |                 ;
exercises.c:50:19: error: passing argument 1 of ‘sumaN’ makes pointer from integer without a cast [-Werror=int-conversion]
   50 |   *suma= sumaN(aux[n],m);
      |                ~~~^~~
      |                   |
      |                   int
exercises.c:22:15: note: expected ‘int *’ but argument is of type ‘int’
   22 | int sumaN(int a[], int N) {
      |           ~~~~^~~
exercises.c:41:7: error: variable ‘cont’ set but not used [-Werror=unused-but-set-variable]
   41 |   int cont, i;
      |       ^~~~
cc1: all warnings being treated as errors
Compilation failed
6cfcb35
Sun 14 Aug 2022 07:28:09 PM UTC: 
 exercises.c | 2 +-
 1 file changed, 1 insertion(+), 1 deletion(-)
In file included from test.c:5:
exercises.c: In function ‘sumaNultimos’:
exercises.c:50:19: error: passing argument 1 of ‘sumaN’ makes pointer from integer without a cast [-Werror=int-conversion]
   50 |   *suma= sumaN(aux[n],m);
      |                ~~~^~~
      |                   |
      |                   int
exercises.c:22:15: note: expected ‘int *’ but argument is of type ‘int’
   22 | int sumaN(int a[], int N) {
      |           ~~~~^~~
exercises.c:41:7: error: variable ‘cont’ set but not used [-Werror=unused-but-set-variable]
   41 |   int cont, i;
      |       ^~~~
cc1: all warnings being treated as errors
Compilation failed
ba3bdc1
Sun 14 Aug 2022 07:28:24 PM UTC: 
 exercises.c | 2 +-
 1 file changed, 1 insertion(+), 1 deletion(-)
In file included from test.c:5:
exercises.c: In function ‘sumaNultimos’:
exercises.c:41:7: error: variable ‘cont’ set but not used [-Werror=unused-but-set-variable]
   41 |   int cont, i;
      |       ^~~~
cc1: all warnings being treated as errors
Compilation failed
42347f5
Sun 14 Aug 2022 07:28:53 PM UTC: 
 exercises.c | 3 +--
 1 file changed, 1 insertion(+), 2 deletions(-)
 tests:  1|6
total_score: 10/70
cd061a3
Sun 14 Aug 2022 08:40:31 PM UTC: 
 exercises.c | 4 ++--
 1 file changed, 2 insertions(+), 2 deletions(-)
In file included from test.c:5:
exercises.c: In function ‘sumaNultimos’:
exercises.c:46:8: error: subscripted value is neither array nor pointer nor vector
   46 |     aux[i]=a[n-i];
      |        ^
exercises.c:49:16: error: passing argument 1 of ‘sumaN’ makes pointer from integer without a cast [-Werror=int-conversion]
   49 |   *suma= sumaN(aux,m);
      |                ^~~
      |                |
      |                int
exercises.c:22:15: note: expected ‘int *’ but argument is of type ‘int’
   22 | int sumaN(int a[], int N) {
      |           ~~~~^~~
exercises.c: In function ‘crearPersona’:
exercises.c:67:3: error: ignoring return value of ‘scanf’ declared with attribute ‘warn_unused_result’ [-Werror=unused-result]
   67 |   scanf("%[\n]", nombre);
      |   ^~~~~~~~~~~~~~~~~~~~~~
cc1: all warnings being treated as errors
Compilation failed
83a1e69
Sun 14 Aug 2022 08:40:41 PM UTC: 
 exercises.c | 2 +-
 1 file changed, 1 insertion(+), 1 deletion(-)
In file included from test.c:5:
exercises.c: In function ‘sumaNultimos’:
exercises.c:46:8: error: subscripted value is neither array nor pointer nor vector
   46 |     aux[i]=a[n-i];
      |        ^
exercises.c:49:16: error: passing argument 1 of ‘sumaN’ makes pointer from integer without a cast [-Werror=int-conversion]
   49 |   *suma= sumaN(aux,m);
      |                ^~~
      |                |
      |                int
exercises.c:22:15: note: expected ‘int *’ but argument is of type ‘int’
   22 | int sumaN(int a[], int N) {
      |           ~~~~^~~
cc1: all warnings being treated as errors
Compilation failed
6333a6f
Sun 14 Aug 2022 08:41:31 PM UTC: 
 exercises.c | 6 +++---
 1 file changed, 3 insertions(+), 3 deletions(-)
In file included from test.c:5:
exercises.c: In function ‘sumaNultimos’:
exercises.c:49:16: error: passing argument 1 of ‘sumaN’ makes pointer from integer without a cast [-Werror=int-conversion]
   49 |   *suma= sumaN(aux,m);
      |                ^~~
      |                |
      |                int
exercises.c:22:15: note: expected ‘int *’ but argument is of type ‘int’
   22 | int sumaN(int a[], int N) {
      |           ~~~~^~~
exercises.c:49:10: error: ‘aux’ is used uninitialized in this function [-Werror=uninitialized]
   49 |   *suma= sumaN(aux,m);
      |          ^~~~~~~~~~~~
cc1: all warnings being treated as errors
Compilation failed
8672518
Sun 14 Aug 2022 08:41:49 PM UTC: 
 exercises.c | 2 +-
 1 file changed, 1 insertion(+), 1 deletion(-)
In file included from test.c:5:
exercises.c: In function ‘sumaNultimos’:
exercises.c:43:7: error: unused variable ‘aux’ [-Werror=unused-variable]
   43 |   int aux;
      |       ^~~
cc1: all warnings being treated as errors
Compilation failed
7aef573
Sun 14 Aug 2022 08:44:12 PM UTC: 
 exercises.c | 5 ++++-
 1 file changed, 4 insertions(+), 1 deletion(-)
 tests:  0|0
28e3214
Sun 14 Aug 2022 08:45:42 PM UTC: 
 exercises.c | 6 +++---
 1 file changed, 3 insertions(+), 3 deletions(-)
 tests:  2|5
total_score: 20/70
8877deb
Sun 14 Aug 2022 08:52:29 PM UTC: 
 exercises.c | 3 ++-
 1 file changed, 2 insertions(+), 1 deletion(-)
In file included from test.c:5:
exercises.c: In function ‘crearPersona’:
exercises.c:70:18: error: storage size of ‘p’ isn’t known
   70 |   struct persona p;
      |                  ^
exercises.c:70:18: error: unused variable ‘p’ [-Werror=unused-variable]
cc1: all warnings being treated as errors
Compilation failed
f997c07
Sun 14 Aug 2022 08:53:28 PM UTC: 
 exercises.c | 4 ++--
 1 file changed, 2 insertions(+), 2 deletions(-)
In file included from test.c:5:
exercises.c: In function ‘crearPersona’:
exercises.c:71:16: error: ‘persona’ undeclared (first use in this function)
   71 |   scanf("%[]", persona.nombre);
      |                ^~~~~~~
exercises.c:71:16: note: each undeclared identifier is reported only once for each function it appears in
Compilation failed
0ad9928
Sun 14 Aug 2022 08:53:36 PM UTC: 
 exercises.c | 2 +-
 1 file changed, 1 insertion(+), 1 deletion(-)
In file included from test.c:5:
exercises.c: In function ‘crearPersona’:
exercises.c:71:12: error: no closing ‘]’ for ‘%[’ format [-Werror=format=]
   71 |   scanf("%[]", nombre);
      |            ^
exercises.c:71:3: error: ignoring return value of ‘scanf’ declared with attribute ‘warn_unused_result’ [-Werror=unused-result]
   71 |   scanf("%[]", nombre);
      |   ^~~~~~~~~~~~~~~~~~~~
cc1: all warnings being treated as errors
Compilation failed
00a3c37
Sun 14 Aug 2022 08:54:15 PM UTC: 
 exercises.c | 2 +-
 1 file changed, 1 insertion(+), 1 deletion(-)
In file included from test.c:5:
exercises.c: In function ‘crearPersona’:
exercises.c:71:3: error: ignoring return value of ‘scanf’ declared with attribute ‘warn_unused_result’ [-Werror=unused-result]
   71 |   scanf("%[30]", nombre);
      |   ^~~~~~~~~~~~~~~~~~~~~~
cc1: all warnings being treated as errors
Compilation failed
304e425
Sun 14 Aug 2022 08:55:43 PM UTC: 
 exercises.c | 4 ++--
 1 file changed, 2 insertions(+), 2 deletions(-)
In file included from test.c:5:
exercises.c: In function ‘crearPersona’:
exercises.c:70:18: error: storage size of ‘p’ isn’t known
   70 |   struct persona p;
      |                  ^
exercises.c:70:18: error: unused variable ‘p’ [-Werror=unused-variable]
cc1: all warnings being treated as errors
Compilation failed
c1d7135
Sun 14 Aug 2022 08:57:14 PM UTC: 
 exercises.c | 2 +-
 1 file changed, 1 insertion(+), 1 deletion(-)
In file included from test.c:5:
exercises.c: In function ‘crearPersona’:
exercises.c:70:18: error: storage size of ‘p’ isn’t known
   70 |   struct Persona p;
      |                  ^
exercises.c:70:18: error: unused variable ‘p’ [-Werror=unused-variable]
cc1: all warnings being treated as errors
Compilation failed
83aac93
Sun 14 Aug 2022 08:57:44 PM UTC: 
 exercises.c | 2 +-
 1 file changed, 1 insertion(+), 1 deletion(-)
In file included from test.c:5:
exercises.c: In function ‘crearPersona’:
exercises.c:70:18: error: storage size of ‘p’ isn’t known
   70 |   struct Persona p;
      |                  ^
exercises.c:71:16: error: expected expression before ‘Persona’
   71 |   scanf("%[]", Persona.nombre);
      |                ^~~~~~~
exercises.c:70:18: error: unused variable ‘p’ [-Werror=unused-variable]
   70 |   struct Persona p;
      |                  ^
cc1: all warnings being treated as errors
Compilation failed
02ce0b5
Sun 14 Aug 2022 08:57:51 PM UTC: 
 exercises.c | 2 +-
 1 file changed, 1 insertion(+), 1 deletion(-)
In file included from test.c:5:
exercises.c: In function ‘crearPersona’:
exercises.c:71:16: error: expected expression before ‘Persona’
   71 |   scanf("%[]", Persona.nombre);
      |                ^~~~~~~
Compilation failed
2065040
Sun 14 Aug 2022 09:02:26 PM UTC: 
 exercises.c | 2 +-
 1 file changed, 1 insertion(+), 1 deletion(-)
In file included from test.c:5:
exercises.c: In function ‘crearPersona’:
exercises.c:71:26: error: request for member ‘Persona’ in something not a structure or union
   71 |   scanf("%c", &nombre[30].Persona);
      |                          ^
Compilation failed
769d08b
Sun 14 Aug 2022 09:02:34 PM UTC: 
 exercises.c | 2 +-
 1 file changed, 1 insertion(+), 1 deletion(-)
In file included from test.c:5:
exercises.c: In function ‘crearPersona’:
exercises.c:71:26: error: expected ‘)’ before ‘Persona’
   71 |   scanf("%c", &nombre[30]Persona);
      |                          ^~~~~~~
      |                          )
exercises.c:71:3: error: ignoring return value of ‘scanf’ declared with attribute ‘warn_unused_result’ [-Werror=unused-result]
   71 |   scanf("%c", &nombre[30]Persona);
      |   ^~~~~~~~~~~~~~~~~~~~~~~~~~~~~~~
cc1: all warnings being treated as errors
Compilation failed
093217b
Sun 14 Aug 2022 09:02:39 PM UTC: 
 exercises.c | 2 +-
 1 file changed, 1 insertion(+), 1 deletion(-)
In file included from test.c:5:
exercises.c: In function ‘crearPersona’:
exercises.c:71:27: error: expected expression before ‘Persona’
   71 |   scanf("%c", &nombre[30],Persona);
      |                           ^~~~~~~
Compilation failed
9b08a0c
Sun 14 Aug 2022 09:02:50 PM UTC: 
 exercises.c | 2 +-
 1 file changed, 1 insertion(+), 1 deletion(-)
In file included from test.c:5:
exercises.c: In function ‘crearPersona’:
exercises.c:71:26: error: request for member ‘Persona’ in something not a structure or union
   71 |   scanf("%c", &nombre[30].Persona);
      |                          ^
Compilation failed
38b0584
Sun 14 Aug 2022 09:03:20 PM UTC: 
 exercises.c | 2 +-
 1 file changed, 1 insertion(+), 1 deletion(-)
In file included from test.c:5:
exercises.c: In function ‘crearPersona’:
exercises.c:71:14: error: expected expression before ‘Persona’
   71 |   scanf("%c",Persona.&nombre[30]);
      |              ^~~~~~~
Compilation failed
a5381f7
Sun 14 Aug 2022 09:03:26 PM UTC: 
 exercises.c | 2 +-
 1 file changed, 1 insertion(+), 1 deletion(-)
In file included from test.c:5:
exercises.c: In function ‘crearPersona’:
exercises.c:71:3: error: ignoring return value of ‘scanf’ declared with attribute ‘warn_unused_result’ [-Werror=unused-result]
   71 |   scanf("%c",&nombre[30]);
      |   ^~~~~~~~~~~~~~~~~~~~~~~
cc1: all warnings being treated as errors
Compilation failed
604ae44
Sun 14 Aug 2022 09:05:24 PM UTC: 
 exercises.c | 2 +-
 1 file changed, 1 insertion(+), 1 deletion(-)
In file included from test.c:5:
exercises.c: In function ‘crearPersona’:
exercises.c:71:22: error: ‘i’ undeclared (first use in this function)
   71 |   scanf("%c",&nombre[i].Persona);
      |                      ^
exercises.c:71:22: note: each undeclared identifier is reported only once for each function it appears in
Compilation failed
4898d50
Sun 14 Aug 2022 09:05:35 PM UTC: 
 exercises.c | 2 +-
 1 file changed, 1 insertion(+), 1 deletion(-)
In file included from test.c:5:
exercises.c: In function ‘crearPersona’:
exercises.c:71:25: error: request for member ‘Persona’ in something not a structure or union
   71 |   scanf("%c",&nombre[30].Persona);
      |                         ^
Compilation failed
03018fa
Sun 14 Aug 2022 09:05:54 PM UTC: 
 exercises.c | 1 -
 1 file changed, 1 deletion(-)
In file included from test.c:5:
exercises.c: In function ‘crearPersona’:
exercises.c:70:25: error: request for member ‘Persona’ in something not a structure or union
   70 |   scanf("%c",&nombre[30].Persona);
      |                         ^
Compilation failed
2d7315e
Sun 14 Aug 2022 09:06:29 PM UTC: 
 exercises.c | 2 +-
 1 file changed, 1 insertion(+), 1 deletion(-)
In file included from test.c:5:
exercises.c: In function ‘crearPersona’:
exercises.c:70:3: error: ignoring return value of ‘scanf’ declared with attribute ‘warn_unused_result’ [-Werror=unused-result]
   70 |   scanf("%c",&nombre[30]);
      |   ^~~~~~~~~~~~~~~~~~~~~~~
cc1: all warnings being treated as errors
Compilation failed
1d50a76
Sun 14 Aug 2022 09:16:05 PM UTC: 
 exercises.c | 3 ++-
 1 file changed, 2 insertions(+), 1 deletion(-)
In file included from test.c:5:
exercises.c: In function ‘crearPersona’:
exercises.c:71:3: error: ignoring return value of ‘scanf’ declared with attribute ‘warn_unused_result’ [-Werror=unused-result]
   71 |   scanf("%s",p->nombre);
      |   ^~~~~~~~~~~~~~~~~~~~~
cc1: all warnings being treated as errors
Compilation failed
b376b2e
Sun 14 Aug 2022 09:17:37 PM UTC: 
 exercises.c | 3 ++-
 1 file changed, 2 insertions(+), 1 deletion(-)
In file included from test.c:5:
exercises.c: In function ‘crearPersona’:
exercises.c:71:3: error: ignoring return value of ‘scanf’ declared with attribute ‘warn_unused_result’ [-Werror=unused-result]
   71 |   scanf("%s",p->nombre);
      |   ^~~~~~~~~~~~~~~~~~~~~
cc1: all warnings being treated as errors
Compilation failed
99a1e86
Sun 14 Aug 2022 09:17:52 PM UTC: 
 exercises.c | 2 +-
 1 file changed, 1 insertion(+), 1 deletion(-)
In file included from test.c:5:
exercises.c: In function ‘crearPersona’:
exercises.c:71:3: error: ignoring return value of ‘scanf’ declared with attribute ‘warn_unused_result’ [-Werror=unused-result]
   71 |   scanf("%s",p->nombre);
      |   ^~~~~~~~~~~~~~~~~~~~~
cc1: all warnings being treated as errors
Compilation failed
6cb28ff
Sun 14 Aug 2022 09:19:37 PM UTC: 
 exercises.c | 2 ++
 1 file changed, 2 insertions(+)
In file included from test.c:5:
exercises.c: In function ‘crearPersona’:
exercises.c:73:11: error: format ‘%d’ expects argument of type ‘int *’, but argument 2 has type ‘int’ [-Werror=format=]
   73 |   scanf("%d",p->edad);
      |          ~^  ~~~~~~~
      |           |   |
      |           |   int
      |           int *
exercises.c:71:3: error: ignoring return value of ‘scanf’ declared with attribute ‘warn_unused_result’ [-Werror=unused-result]
   71 |   scanf("%s",p->nombre);
      |   ^~~~~~~~~~~~~~~~~~~~~
exercises.c:72:3: error: ignoring return value of ‘scanf’ declared with attribute ‘warn_unused_result’ [-Werror=unused-result]
   72 |   scanf("%s",p->rut);
      |   ^~~~~~~~~~~~~~~~~~
exercises.c:73:3: error: ignoring return value of ‘scanf’ declared with attribute ‘warn_unused_result’ [-Werror=unused-result]
   73 |   scanf("%d",p->edad);
      |   ^~~~~~~~~~~~~~~~~~~
cc1: all warnings being treated as errors
Compilation failed
a9c4c30
Sun 14 Aug 2022 09:19:49 PM UTC: 
 exercises.c | 2 +-
 1 file changed, 1 insertion(+), 1 deletion(-)
In file included from test.c:5:
exercises.c: In function ‘crearPersona’:
exercises.c:73:11: error: format ‘%d’ expects argument of type ‘int *’, but argument 2 has type ‘int’ [-Werror=format=]
   73 |   scanf("%d",edad);
      |          ~^  ~~~~
      |           |  |
      |           |  int
      |           int *
exercises.c:71:3: error: ignoring return value of ‘scanf’ declared with attribute ‘warn_unused_result’ [-Werror=unused-result]
   71 |   scanf("%s",p->nombre);
      |   ^~~~~~~~~~~~~~~~~~~~~
exercises.c:72:3: error: ignoring return value of ‘scanf’ declared with attribute ‘warn_unused_result’ [-Werror=unused-result]
   72 |   scanf("%s",p->rut);
      |   ^~~~~~~~~~~~~~~~~~
exercises.c:73:3: error: ignoring return value of ‘scanf’ declared with attribute ‘warn_unused_result’ [-Werror=unused-result]
   73 |   scanf("%d",edad);
      |   ^~~~~~~~~~~~~~~~
cc1: all warnings being treated as errors
Compilation failed
088a491
Sun 14 Aug 2022 09:19:58 PM UTC: 
 exercises.c | 2 +-
 1 file changed, 1 insertion(+), 1 deletion(-)
In file included from test.c:5:
exercises.c: In function ‘crearPersona’:
exercises.c:73:11: error: format ‘%i’ expects argument of type ‘int *’, but argument 2 has type ‘int’ [-Werror=format=]
   73 |   scanf("%i",edad);
      |          ~^  ~~~~
      |           |  |
      |           |  int
      |           int *
exercises.c:71:3: error: ignoring return value of ‘scanf’ declared with attribute ‘warn_unused_result’ [-Werror=unused-result]
   71 |   scanf("%s",p->nombre);
      |   ^~~~~~~~~~~~~~~~~~~~~
exercises.c:72:3: error: ignoring return value of ‘scanf’ declared with attribute ‘warn_unused_result’ [-Werror=unused-result]
   72 |   scanf("%s",p->rut);
      |   ^~~~~~~~~~~~~~~~~~
exercises.c:73:3: error: ignoring return value of ‘scanf’ declared with attribute ‘warn_unused_result’ [-Werror=unused-result]
   73 |   scanf("%i",edad);
      |   ^~~~~~~~~~~~~~~~
cc1: all warnings being treated as errors
Compilation failed
992b23e
Sun 14 Aug 2022 09:20:22 PM UTC: 
 exercises.c | 2 +-
 1 file changed, 1 insertion(+), 1 deletion(-)
In file included from test.c:5:
exercises.c: In function ‘crearPersona’:
exercises.c:73:11: error: format ‘%i’ expects argument of type ‘int *’, but argument 2 has type ‘int’ [-Werror=format=]
   73 |   scanf("%i",p->edad);
      |          ~^  ~~~~~~~
      |           |   |
      |           |   int
      |           int *
exercises.c:71:3: error: ignoring return value of ‘scanf’ declared with attribute ‘warn_unused_result’ [-Werror=unused-result]
   71 |   scanf("%s",p->nombre);
      |   ^~~~~~~~~~~~~~~~~~~~~
exercises.c:72:3: error: ignoring return value of ‘scanf’ declared with attribute ‘warn_unused_result’ [-Werror=unused-result]
   72 |   scanf("%s",p->rut);
      |   ^~~~~~~~~~~~~~~~~~
exercises.c:73:3: error: ignoring return value of ‘scanf’ declared with attribute ‘warn_unused_result’ [-Werror=unused-result]
   73 |   scanf("%i",p->edad);
      |   ^~~~~~~~~~~~~~~~~~~
cc1: all warnings being treated as errors
Compilation failed
61b6019
Sun 14 Aug 2022 09:21:15 PM UTC: 
 exercises.c | 5 ++---
 1 file changed, 2 insertions(+), 3 deletions(-)
In file included from test.c:5:
exercises.c: In function ‘crearPersona’:
exercises.c:71:17: error: format ‘%i’ expects argument of type ‘int *’, but argument 4 has type ‘int’ [-Werror=format=]
   71 |   scanf("%s %s %i",p->nombre,p->rut,p->edad);
      |                ~^                   ~~~~~~~
      |                 |                    |
      |                 int *                int
exercises.c:71:3: error: ignoring return value of ‘scanf’ declared with attribute ‘warn_unused_result’ [-Werror=unused-result]
   71 |   scanf("%s %s %i",p->nombre,p->rut,p->edad);
      |   ^~~~~~~~~~~~~~~~~~~~~~~~~~~~~~~~~~~~~~~~~~
cc1: all warnings being treated as errors
Compilation failed
c0315bd
Sun 14 Aug 2022 09:22:17 PM UTC: 
 exercises.c | 2 +-
 1 file changed, 1 insertion(+), 1 deletion(-)
In file included from test.c:5:
exercises.c: In function ‘crearPersona’:
exercises.c:71:17: error: format ‘%d’ expects argument of type ‘int *’, but argument 4 has type ‘int’ [-Werror=format=]
   71 |   scanf("%s %s %d",p->nombre,p->rut,p->edad);
      |                ~^                   ~~~~~~~
      |                 |                    |
      |                 int *                int
exercises.c:71:3: error: ignoring return value of ‘scanf’ declared with attribute ‘warn_unused_result’ [-Werror=unused-result]
   71 |   scanf("%s %s %d",p->nombre,p->rut,p->edad);
      |   ^~~~~~~~~~~~~~~~~~~~~~~~~~~~~~~~~~~~~~~~~~
cc1: all warnings being treated as errors
Compilation failed
3677324
Sun 14 Aug 2022 09:23:28 PM UTC: 
 exercises.c | 2 +-
 1 file changed, 1 insertion(+), 1 deletion(-)
In file included from test.c:5:
exercises.c: In function ‘crearPersona’:
exercises.c:71:17: error: format ‘%d’ expects argument of type ‘int *’, but argument 4 has type ‘int’ [-Werror=format=]
   71 |   scanf("%s %s %d",p->nombre,p->rut,p->edad);
      |                ~^                   ~~~~~~~
      |                 |                    |
      |                 int *                int
exercises.c:74:10: error: incompatible types when returning type ‘Persona’ but ‘Persona *’ was expected
   74 |   return *p;
      |          ^~
exercises.c:71:3: error: ignoring return value of ‘scanf’ declared with attribute ‘warn_unused_result’ [-Werror=unused-result]
   71 |   scanf("%s %s %d",p->nombre,p->rut,p->edad);
      |   ^~~~~~~~~~~~~~~~~~~~~~~~~~~~~~~~~~~~~~~~~~
exercises.c:75:1: error: control reaches end of non-void function [-Werror=return-type]
   75 | }
      | ^
cc1: all warnings being treated as errors
Compilation failed
8d316e9
Sun 14 Aug 2022 09:26:22 PM UTC: 
 exercises.c | 3 +--
 1 file changed, 1 insertion(+), 2 deletions(-)
In file included from test.c:5:
exercises.c: In function ‘crearPersona’:
exercises.c:71:17: error: format ‘%d’ expects argument of type ‘int *’, but argument 4 has type ‘int’ [-Werror=format=]
   71 |   scanf("%s %s %d",p->nombre,p->rut,p->edad);
      |                ~^                   ~~~~~~~
      |                 |                    |
      |                 int *                int
exercises.c:73:11: error: ‘Persona’ has no member named ‘Persona’
   73 |   return p->Persona;
      |           ^~
exercises.c:71:3: error: ignoring return value of ‘scanf’ declared with attribute ‘warn_unused_result’ [-Werror=unused-result]
   71 |   scanf("%s %s %d",p->nombre,p->rut,p->edad);
      |   ^~~~~~~~~~~~~~~~~~~~~~~~~~~~~~~~~~~~~~~~~~
exercises.c:74:1: error: control reaches end of non-void function [-Werror=return-type]
   74 | }
      | ^
cc1: all warnings being treated as errors
Compilation failed
7b7778c
Sun 14 Aug 2022 09:26:39 PM UTC: 
 exercises.c | 2 +-
 1 file changed, 1 insertion(+), 1 deletion(-)
In file included from test.c:5:
exercises.c: In function ‘crearPersona’:
exercises.c:71:17: error: format ‘%i’ expects argument of type ‘int *’, but argument 4 has type ‘int’ [-Werror=format=]
   71 |   scanf("%s %s %i",p->nombre,p->rut,p->edad);
      |                ~^                   ~~~~~~~
      |                 |                    |
      |                 int *                int
exercises.c:73:11: error: ‘Persona’ has no member named ‘Persona’
   73 |   return p->Persona;
      |           ^~
exercises.c:71:3: error: ignoring return value of ‘scanf’ declared with attribute ‘warn_unused_result’ [-Werror=unused-result]
   71 |   scanf("%s %s %i",p->nombre,p->rut,p->edad);
      |   ^~~~~~~~~~~~~~~~~~~~~~~~~~~~~~~~~~~~~~~~~~
exercises.c:74:1: error: control reaches end of non-void function [-Werror=return-type]
   74 | }
      | ^
cc1: all warnings being treated as errors
Compilation failed
a0d5944
Sun 14 Aug 2022 09:27:04 PM UTC: 
 exercises.c | 2 +-
 1 file changed, 1 insertion(+), 1 deletion(-)
In file included from test.c:5:
exercises.c: In function ‘crearPersona’:
exercises.c:71:17: error: format ‘%i’ expects argument of type ‘int *’, but argument 4 has type ‘int’ [-Werror=format=]
   71 |   scanf("%s %s %i",p->nombre,p->rut,p->edad);
      |                ~^                   ~~~~~~~
      |                 |                    |
      |                 int *                int
exercises.c:73:10: error: incompatible types when returning type ‘Persona’ but ‘Persona *’ was expected
   73 |   return *p;
      |          ^~
exercises.c:71:3: error: ignoring return value of ‘scanf’ declared with attribute ‘warn_unused_result’ [-Werror=unused-result]
   71 |   scanf("%s %s %i",p->nombre,p->rut,p->edad);
      |   ^~~~~~~~~~~~~~~~~~~~~~~~~~~~~~~~~~~~~~~~~~
exercises.c:74:1: error: control reaches end of non-void function [-Werror=return-type]
   74 | }
      | ^
cc1: all warnings being treated as errors
Compilation failed
8caff5d
Sun 14 Aug 2022 09:27:24 PM UTC: 
 exercises.c | 2 +-
 1 file changed, 1 insertion(+), 1 deletion(-)
In file included from test.c:5:
exercises.c: In function ‘crearPersona’:
exercises.c:71:9: error: too many arguments for format [-Werror=format-extra-args]
   71 |   scanf("%s %s %*i",p->nombre,p->rut,p->edad);
      |         ^~~~~~~~~~~
exercises.c:73:10: error: incompatible types when returning type ‘Persona’ but ‘Persona *’ was expected
   73 |   return *p;
      |          ^~
exercises.c:71:3: error: ignoring return value of ‘scanf’ declared with attribute ‘warn_unused_result’ [-Werror=unused-result]
   71 |   scanf("%s %s %*i",p->nombre,p->rut,p->edad);
      |   ^~~~~~~~~~~~~~~~~~~~~~~~~~~~~~~~~~~~~~~~~~~
exercises.c:74:1: error: control reaches end of non-void function [-Werror=return-type]
   74 | }
      | ^
cc1: all warnings being treated as errors
Compilation failed
e48ebe8
Sun 14 Aug 2022 09:27:37 PM UTC: 
 exercises.c | 2 +-
 1 file changed, 1 insertion(+), 1 deletion(-)
In file included from test.c:5:
exercises.c: In function ‘crearPersona’:
exercises.c:71:9: error: too many arguments for format [-Werror=format-extra-args]
   71 |   scanf("%s %s %*i",p->nombre,p->rut,p->edad);
      |         ^~~~~~~~~~~
exercises.c:71:3: error: ignoring return value of ‘scanf’ declared with attribute ‘warn_unused_result’ [-Werror=unused-result]
   71 |   scanf("%s %s %*i",p->nombre,p->rut,p->edad);
      |   ^~~~~~~~~~~~~~~~~~~~~~~~~~~~~~~~~~~~~~~~~~~
cc1: all warnings being treated as errors
Compilation failed
6bcc827
Sun 14 Aug 2022 09:28:46 PM UTC: 
 exercises.c | 5 +++--
 1 file changed, 3 insertions(+), 2 deletions(-)
In file included from test.c:5:
exercises.c: In function ‘crearPersona’:
exercises.c:73:9: error: too many arguments for format [-Werror=format-extra-args]
   73 |   scanf("%*i",p->edad);
      |         ^~~~~
exercises.c:71:3: error: ignoring return value of ‘scanf’ declared with attribute ‘warn_unused_result’ [-Werror=unused-result]
   71 |   scanf("%s ",p->nombre);
      |   ^~~~~~~~~~~~~~~~~~~~~~
exercises.c:72:3: error: ignoring return value of ‘scanf’ declared with attribute ‘warn_unused_result’ [-Werror=unused-result]
   72 |   scanf("%s ",p->rut);
      |   ^~~~~~~~~~~~~~~~~~~
exercises.c:73:3: error: ignoring return value of ‘scanf’ declared with attribute ‘warn_unused_result’ [-Werror=unused-result]
   73 |   scanf("%*i",p->edad);
      |   ^~~~~~~~~~~~~~~~~~~~
cc1: all warnings being treated as errors
Compilation failed
5c4433d
Sun 14 Aug 2022 09:29:43 PM UTC: 
 exercises.c | 6 +++---
 1 file changed, 3 insertions(+), 3 deletions(-)
In file included from test.c:5:
exercises.c: In function ‘crearPersona’:
exercises.c:71:11: error: format ‘%s’ expects argument of type ‘char *’, but argument 2 has type ‘char (*)[30]’ [-Werror=format=]
   71 |   scanf("%s ",&p->nombre);
      |          ~^   ~~~~~~~~~~
      |           |   |
      |           |   char (*)[30]
      |           char *
exercises.c:72:11: error: format ‘%s’ expects argument of type ‘char *’, but argument 2 has type ‘char (*)[11]’ [-Werror=format=]
   72 |   scanf("%s ",&p->rut);
      |          ~^   ~~~~~~~
      |           |   |
      |           |   char (*)[11]
      |           char *
exercises.c:73:9: error: too many arguments for format [-Werror=format-extra-args]
   73 |   scanf("%*i",&p->edad);
      |         ^~~~~
exercises.c:71:3: error: ignoring return value of ‘scanf’ declared with attribute ‘warn_unused_result’ [-Werror=unused-result]
   71 |   scanf("%s ",&p->nombre);
      |   ^~~~~~~~~~~~~~~~~~~~~~~
exercises.c:72:3: error: ignoring return value of ‘scanf’ declared with attribute ‘warn_unused_result’ [-Werror=unused-result]
   72 |   scanf("%s ",&p->rut);
      |   ^~~~~~~~~~~~~~~~~~~~
exercises.c:73:3: error: ignoring return value of ‘scanf’ declared with attribute ‘warn_unused_result’ [-Werror=unused-result]
   73 |   scanf("%*i",&p->edad);
      |   ^~~~~~~~~~~~~~~~~~~~~
cc1: all warnings being treated as errors
Compilation failed
0f26f3e
Sun 14 Aug 2022 09:30:07 PM UTC: 
 exercises.c | 4 ++--
 1 file changed, 2 insertions(+), 2 deletions(-)
In file included from test.c:5:
exercises.c: In function ‘crearPersona’:
exercises.c:73:9: error: too many arguments for format [-Werror=format-extra-args]
   73 |   scanf("%*i",&p->edad);
      |         ^~~~~
exercises.c:71:3: error: ignoring return value of ‘scanf’ declared with attribute ‘warn_unused_result’ [-Werror=unused-result]
   71 |   scanf("%s ",p->nombre);
      |   ^~~~~~~~~~~~~~~~~~~~~~
exercises.c:72:3: error: ignoring return value of ‘scanf’ declared with attribute ‘warn_unused_result’ [-Werror=unused-result]
   72 |   scanf("%s ",p->rut);
      |   ^~~~~~~~~~~~~~~~~~~
exercises.c:73:3: error: ignoring return value of ‘scanf’ declared with attribute ‘warn_unused_result’ [-Werror=unused-result]
   73 |   scanf("%*i",&p->edad);
      |   ^~~~~~~~~~~~~~~~~~~~~
cc1: all warnings being treated as errors
Compilation failed
c46123a
Sun 14 Aug 2022 09:31:02 PM UTC: 
 exercises.c | 2 +-
 1 file changed, 1 insertion(+), 1 deletion(-)
In file included from test.c:5:
exercises.c: In function ‘crearPersona’:
exercises.c:71:3: error: ignoring return value of ‘scanf’ declared with attribute ‘warn_unused_result’ [-Werror=unused-result]
   71 |   scanf("%s ",p->nombre);
      |   ^~~~~~~~~~~~~~~~~~~~~~
exercises.c:72:3: error: ignoring return value of ‘scanf’ declared with attribute ‘warn_unused_result’ [-Werror=unused-result]
   72 |   scanf("%s ",p->rut);
      |   ^~~~~~~~~~~~~~~~~~~
exercises.c:73:3: error: ignoring return value of ‘scanf’ declared with attribute ‘warn_unused_result’ [-Werror=unused-result]
   73 |   scanf("%i",&p->edad);
      |   ^~~~~~~~~~~~~~~~~~~~
cc1: all warnings being treated as errors
Compilation failed
fa0f0a2
Sun 14 Aug 2022 09:37:21 PM UTC: 
 exercises.c | 2 +-
 1 file changed, 1 insertion(+), 1 deletion(-)
In file included from test.c:5:
exercises.c: In function ‘crearPersona’:
exercises.c:74:10: error: expected expression before ‘Persona’
   74 |   return Persona*;
      |          ^~~~~~~
exercises.c:71:3: error: ignoring return value of ‘scanf’ declared with attribute ‘warn_unused_result’ [-Werror=unused-result]
   71 |   scanf("%s ",p->nombre);
      |   ^~~~~~~~~~~~~~~~~~~~~~
exercises.c:72:3: error: ignoring return value of ‘scanf’ declared with attribute ‘warn_unused_result’ [-Werror=unused-result]
   72 |   scanf("%s ",p->rut);
      |   ^~~~~~~~~~~~~~~~~~~
exercises.c:73:3: error: ignoring return value of ‘scanf’ declared with attribute ‘warn_unused_result’ [-Werror=unused-result]
   73 |   scanf("%i",&p->edad);
      |   ^~~~~~~~~~~~~~~~~~~~
exercises.c:75:1: error: control reaches end of non-void function [-Werror=return-type]
   75 | }
      | ^
cc1: all warnings being treated as errors
Compilation failed
3045276
Sun 14 Aug 2022 09:41:15 PM UTC: 
 exercises.c | 1 +
 1 file changed, 1 insertion(+)
In file included from test.c:5:
exercises.c: In function ‘crearPersona’:
exercises.c:74:10: error: expected expression before ‘Persona’
   74 |   return Persona*;
      |          ^~~~~~~
exercises.c: In function ‘asignarValor’:
exercises.c:100:3: error: variable-sized object may not be initialized
  100 |   Vector* v[i]=valor;
      |   ^~~~~~
exercises.c:100:11: error: ‘v’ redeclared as different kind of symbol
  100 |   Vector* v[i]=valor;
      |           ^
exercises.c:99:28: note: previous definition of ‘v’ was here
   99 | void asignarValor(Vector * v, int i, int valor) {
      |                   ~~~~~~~~~^
exercises.c:100:11: error: unused variable ‘v’ [-Werror=unused-variable]
  100 |   Vector* v[i]=valor;
      |           ^
exercises.c: In function ‘crearPersona’:
exercises.c:71:3: error: ignoring return value of ‘scanf’ declared with attribute ‘warn_unused_result’ [-Werror=unused-result]
   71 |   scanf("%s ",p->nombre);
      |   ^~~~~~~~~~~~~~~~~~~~~~
exercises.c:72:3: error: ignoring return value of ‘scanf’ declared with attribute ‘warn_unused_result’ [-Werror=unused-result]
   72 |   scanf("%s ",p->rut);
      |   ^~~~~~~~~~~~~~~~~~~
exercises.c:73:3: error: ignoring return value of ‘scanf’ declared with attribute ‘warn_unused_result’ [-Werror=unused-result]
   73 |   scanf("%i",&p->edad);
      |   ^~~~~~~~~~~~~~~~~~~~
exercises.c:75:1: error: control reaches end of non-void function [-Werror=return-type]
   75 | }
      | ^
cc1: all warnings being treated as errors
Compilation failed
8d252d8
Sun 14 Aug 2022 09:42:26 PM UTC: 
 exercises.c | 2 +-
 1 file changed, 1 insertion(+), 1 deletion(-)
In file included from test.c:5:
exercises.c: In function ‘crearPersona’:
exercises.c:74:10: error: expected expression before ‘Persona’
   74 |   return Persona*;
      |          ^~~~~~~
exercises.c: In function ‘asignarValor’:
exercises.c:100:3: error: variable-sized object may not be initialized
  100 |   Vector v[i]=valor;
      |   ^~~~~~
exercises.c:100:10: error: ‘v’ redeclared as different kind of symbol
  100 |   Vector v[i]=valor;
      |          ^
exercises.c:99:28: note: previous definition of ‘v’ was here
   99 | void asignarValor(Vector * v, int i, int valor) {
      |                   ~~~~~~~~~^
exercises.c:100:10: error: unused variable ‘v’ [-Werror=unused-variable]
  100 |   Vector v[i]=valor;
      |          ^
exercises.c: In function ‘crearPersona’:
exercises.c:71:3: error: ignoring return value of ‘scanf’ declared with attribute ‘warn_unused_result’ [-Werror=unused-result]
   71 |   scanf("%s ",p->nombre);
      |   ^~~~~~~~~~~~~~~~~~~~~~
exercises.c:72:3: error: ignoring return value of ‘scanf’ declared with attribute ‘warn_unused_result’ [-Werror=unused-result]
   72 |   scanf("%s ",p->rut);
      |   ^~~~~~~~~~~~~~~~~~~
exercises.c:73:3: error: ignoring return value of ‘scanf’ declared with attribute ‘warn_unused_result’ [-Werror=unused-result]
   73 |   scanf("%i",&p->edad);
      |   ^~~~~~~~~~~~~~~~~~~~
exercises.c:75:1: error: control reaches end of non-void function [-Werror=return-type]
   75 | }
      | ^
cc1: all warnings being treated as errors
Compilation failed
7cdf39e
Sun 14 Aug 2022 09:42:53 PM UTC: 
 exercises.c | 2 +-
 1 file changed, 1 insertion(+), 1 deletion(-)
In file included from test.c:5:
exercises.c: In function ‘crearPersona’:
exercises.c:74:11: error: ‘Persona’ has no member named ‘Persona’
   74 |   return p->Persona;
      |           ^~
exercises.c: In function ‘asignarValor’:
exercises.c:100:3: error: variable-sized object may not be initialized
  100 |   Vector v[i]=valor;
      |   ^~~~~~
exercises.c:100:10: error: ‘v’ redeclared as different kind of symbol
  100 |   Vector v[i]=valor;
      |          ^
exercises.c:99:28: note: previous definition of ‘v’ was here
   99 | void asignarValor(Vector * v, int i, int valor) {
      |                   ~~~~~~~~~^
exercises.c:100:10: error: unused variable ‘v’ [-Werror=unused-variable]
  100 |   Vector v[i]=valor;
      |          ^
exercises.c: In function ‘crearPersona’:
exercises.c:71:3: error: ignoring return value of ‘scanf’ declared with attribute ‘warn_unused_result’ [-Werror=unused-result]
   71 |   scanf("%s ",p->nombre);
      |   ^~~~~~~~~~~~~~~~~~~~~~
exercises.c:72:3: error: ignoring return value of ‘scanf’ declared with attribute ‘warn_unused_result’ [-Werror=unused-result]
   72 |   scanf("%s ",p->rut);
      |   ^~~~~~~~~~~~~~~~~~~
exercises.c:73:3: error: ignoring return value of ‘scanf’ declared with attribute ‘warn_unused_result’ [-Werror=unused-result]
   73 |   scanf("%i",&p->edad);
      |   ^~~~~~~~~~~~~~~~~~~~
exercises.c:75:1: error: control reaches end of non-void function [-Werror=return-type]
   75 | }
      | ^
cc1: all warnings being treated as errors
Compilation failed
b23edda
Sun 14 Aug 2022 09:43:22 PM UTC: 
 exercises.c | 2 +-
 1 file changed, 1 insertion(+), 1 deletion(-)
In file included from test.c:5:
exercises.c: In function ‘crearPersona’:
exercises.c:74:10: error: expected expression before ‘Persona’
   74 |   return Persona->p;
      |          ^~~~~~~
exercises.c: In function ‘asignarValor’:
exercises.c:100:3: error: variable-sized object may not be initialized
  100 |   Vector v[i]=valor;
      |   ^~~~~~
exercises.c:100:10: error: ‘v’ redeclared as different kind of symbol
  100 |   Vector v[i]=valor;
      |          ^
exercises.c:99:28: note: previous definition of ‘v’ was here
   99 | void asignarValor(Vector * v, int i, int valor) {
      |                   ~~~~~~~~~^
exercises.c:100:10: error: unused variable ‘v’ [-Werror=unused-variable]
  100 |   Vector v[i]=valor;
      |          ^
exercises.c: In function ‘crearPersona’:
exercises.c:71:3: error: ignoring return value of ‘scanf’ declared with attribute ‘warn_unused_result’ [-Werror=unused-result]
   71 |   scanf("%s ",p->nombre);
      |   ^~~~~~~~~~~~~~~~~~~~~~
exercises.c:72:3: error: ignoring return value of ‘scanf’ declared with attribute ‘warn_unused_result’ [-Werror=unused-result]
   72 |   scanf("%s ",p->rut);
      |   ^~~~~~~~~~~~~~~~~~~
exercises.c:73:3: error: ignoring return value of ‘scanf’ declared with attribute ‘warn_unused_result’ [-Werror=unused-result]
   73 |   scanf("%i",&p->edad);
      |   ^~~~~~~~~~~~~~~~~~~~
exercises.c:75:1: error: control reaches end of non-void function [-Werror=return-type]
   75 | }
      | ^
cc1: all warnings being treated as errors
Compilation failed
22d1be5
Sun 14 Aug 2022 09:43:47 PM UTC: 
 exercises.c | 2 +-
 1 file changed, 1 insertion(+), 1 deletion(-)
In file included from test.c:5:
exercises.c: In function ‘asignarValor’:
exercises.c:100:3: error: variable-sized object may not be initialized
  100 |   Vector v[i]=valor;
      |   ^~~~~~
exercises.c:100:10: error: ‘v’ redeclared as different kind of symbol
  100 |   Vector v[i]=valor;
      |          ^
exercises.c:99:28: note: previous definition of ‘v’ was here
   99 | void asignarValor(Vector * v, int i, int valor) {
      |                   ~~~~~~~~~^
exercises.c:100:10: error: unused variable ‘v’ [-Werror=unused-variable]
  100 |   Vector v[i]=valor;
      |          ^
exercises.c: In function ‘crearPersona’:
exercises.c:71:3: error: ignoring return value of ‘scanf’ declared with attribute ‘warn_unused_result’ [-Werror=unused-result]
   71 |   scanf("%s ",p->nombre);
      |   ^~~~~~~~~~~~~~~~~~~~~~
exercises.c:72:3: error: ignoring return value of ‘scanf’ declared with attribute ‘warn_unused_result’ [-Werror=unused-result]
   72 |   scanf("%s ",p->rut);
      |   ^~~~~~~~~~~~~~~~~~~
exercises.c:73:3: error: ignoring return value of ‘scanf’ declared with attribute ‘warn_unused_result’ [-Werror=unused-result]
   73 |   scanf("%i",&p->edad);
      |   ^~~~~~~~~~~~~~~~~~~~
cc1: all warnings being treated as errors
Compilation failed
262a81d
Sun 14 Aug 2022 09:50:18 PM UTC: 
 exercises.c | 1 +
 1 file changed, 1 insertion(+)
In file included from test.c:5:
exercises.c: In function ‘crearVector’:
exercises.c:91:9: error: expected identifier or ‘(’ before ‘[’ token
   91 |   Vector[n];
      |         ^
exercises.c: In function ‘asignarValor’:
exercises.c:101:3: error: variable-sized object may not be initialized
  101 |   Vector v[i]=valor;
      |   ^~~~~~
exercises.c:101:10: error: ‘v’ redeclared as different kind of symbol
  101 |   Vector v[i]=valor;
      |          ^
exercises.c:100:28: note: previous definition of ‘v’ was here
  100 | void asignarValor(Vector * v, int i, int valor) {
      |                   ~~~~~~~~~^
exercises.c:101:10: error: unused variable ‘v’ [-Werror=unused-variable]
  101 |   Vector v[i]=valor;
      |          ^
exercises.c: In function ‘crearPersona’:
exercises.c:71:3: error: ignoring return value of ‘scanf’ declared with attribute ‘warn_unused_result’ [-Werror=unused-result]
   71 |   scanf("%s ",p->nombre);
      |   ^~~~~~~~~~~~~~~~~~~~~~
exercises.c:72:3: error: ignoring return value of ‘scanf’ declared with attribute ‘warn_unused_result’ [-Werror=unused-result]
   72 |   scanf("%s ",p->rut);
      |   ^~~~~~~~~~~~~~~~~~~
exercises.c:73:3: error: ignoring return value of ‘scanf’ declared with attribute ‘warn_unused_result’ [-Werror=unused-result]
   73 |   scanf("%i",&p->edad);
      |   ^~~~~~~~~~~~~~~~~~~~
cc1: all warnings being treated as errors
Compilation failed
ee53dc5
Sun 14 Aug 2022 09:51:48 PM UTC: 
 exercises.c | 2 +-
 1 file changed, 1 insertion(+), 1 deletion(-)
In file included from test.c:5:
exercises.c: In function ‘crearVector’:
exercises.c:91:7: error: unused variable ‘Vector’ [-Werror=unused-variable]
   91 |   int Vector[n];
      |       ^~~~~~
exercises.c: In function ‘asignarValor’:
exercises.c:101:3: error: variable-sized object may not be initialized
  101 |   Vector v[i]=valor;
      |   ^~~~~~
exercises.c:101:10: error: ‘v’ redeclared as different kind of symbol
  101 |   Vector v[i]=valor;
      |          ^
exercises.c:100:28: note: previous definition of ‘v’ was here
  100 | void asignarValor(Vector * v, int i, int valor) {
      |                   ~~~~~~~~~^
exercises.c:101:10: error: unused variable ‘v’ [-Werror=unused-variable]
  101 |   Vector v[i]=valor;
      |          ^
exercises.c: In function ‘crearPersona’:
exercises.c:71:3: error: ignoring return value of ‘scanf’ declared with attribute ‘warn_unused_result’ [-Werror=unused-result]
   71 |   scanf("%s ",p->nombre);
      |   ^~~~~~~~~~~~~~~~~~~~~~
exercises.c:72:3: error: ignoring return value of ‘scanf’ declared with attribute ‘warn_unused_result’ [-Werror=unused-result]
   72 |   scanf("%s ",p->rut);
      |   ^~~~~~~~~~~~~~~~~~~
exercises.c:73:3: error: ignoring return value of ‘scanf’ declared with attribute ‘warn_unused_result’ [-Werror=unused-result]
   73 |   scanf("%i",&p->edad);
      |   ^~~~~~~~~~~~~~~~~~~~
cc1: all warnings being treated as errors
Compilation failed
74a948e
Sun 14 Aug 2022 09:52:17 PM UTC: 
 exercises.c | 2 +-
 1 file changed, 1 insertion(+), 1 deletion(-)
In file included from test.c:5:
exercises.c: In function ‘crearVector’:
exercises.c:91:8: error: unused variable ‘Vector’ [-Werror=unused-variable]
   91 |   int* Vector[n];
      |        ^~~~~~
exercises.c: In function ‘asignarValor’:
exercises.c:101:3: error: variable-sized object may not be initialized
  101 |   Vector v[i]=valor;
      |   ^~~~~~
exercises.c:101:10: error: ‘v’ redeclared as different kind of symbol
  101 |   Vector v[i]=valor;
      |          ^
exercises.c:100:28: note: previous definition of ‘v’ was here
  100 | void asignarValor(Vector * v, int i, int valor) {
      |                   ~~~~~~~~~^
exercises.c:101:10: error: unused variable ‘v’ [-Werror=unused-variable]
  101 |   Vector v[i]=valor;
      |          ^
exercises.c: In function ‘crearPersona’:
exercises.c:71:3: error: ignoring return value of ‘scanf’ declared with attribute ‘warn_unused_result’ [-Werror=unused-result]
   71 |   scanf("%s ",p->nombre);
      |   ^~~~~~~~~~~~~~~~~~~~~~
exercises.c:72:3: error: ignoring return value of ‘scanf’ declared with attribute ‘warn_unused_result’ [-Werror=unused-result]
   72 |   scanf("%s ",p->rut);
      |   ^~~~~~~~~~~~~~~~~~~
exercises.c:73:3: error: ignoring return value of ‘scanf’ declared with attribute ‘warn_unused_result’ [-Werror=unused-result]
   73 |   scanf("%i",&p->edad);
      |   ^~~~~~~~~~~~~~~~~~~~
cc1: all warnings being treated as errors
Compilation failed
bcbf634
Sun 14 Aug 2022 09:52:41 PM UTC: 
 exercises.c | 2 +-
 1 file changed, 1 insertion(+), 1 deletion(-)
In file included from test.c:5:
exercises.c: In function ‘crearVector’:
exercises.c:91:8: error: unused variable ‘v’ [-Werror=unused-variable]
   91 |   int* v[n];
      |        ^
exercises.c: In function ‘asignarValor’:
exercises.c:101:3: error: variable-sized object may not be initialized
  101 |   Vector v[i]=valor;
      |   ^~~~~~
exercises.c:101:10: error: ‘v’ redeclared as different kind of symbol
  101 |   Vector v[i]=valor;
      |          ^
exercises.c:100:28: note: previous definition of ‘v’ was here
  100 | void asignarValor(Vector * v, int i, int valor) {
      |                   ~~~~~~~~~^
exercises.c:101:10: error: unused variable ‘v’ [-Werror=unused-variable]
  101 |   Vector v[i]=valor;
      |          ^
exercises.c: In function ‘crearPersona’:
exercises.c:71:3: error: ignoring return value of ‘scanf’ declared with attribute ‘warn_unused_result’ [-Werror=unused-result]
   71 |   scanf("%s ",p->nombre);
      |   ^~~~~~~~~~~~~~~~~~~~~~
exercises.c:72:3: error: ignoring return value of ‘scanf’ declared with attribute ‘warn_unused_result’ [-Werror=unused-result]
   72 |   scanf("%s ",p->rut);
      |   ^~~~~~~~~~~~~~~~~~~
exercises.c:73:3: error: ignoring return value of ‘scanf’ declared with attribute ‘warn_unused_result’ [-Werror=unused-result]
   73 |   scanf("%i",&p->edad);
      |   ^~~~~~~~~~~~~~~~~~~~
cc1: all warnings being treated as errors
Compilation failed
cb46f15
Sun 14 Aug 2022 09:55:54 PM UTC: 
 exercises.c | 2 +-
 1 file changed, 1 insertion(+), 1 deletion(-)
In file included from test.c:5:
exercises.c: In function ‘crearVector’:
exercises.c:91:8: error: unused variable ‘v’ [-Werror=unused-variable]
   91 |   int* v[n];
      |        ^
exercises.c: In function ‘asignarValor’:
exercises.c:101:3: error: variable-sized object may not be initialized
  101 |   Vector v[i]=valor;
      |   ^~~~~~
exercises.c:101:10: error: ‘v’ redeclared as different kind of symbol
  101 |   Vector v[i]=valor;
      |          ^
exercises.c:100:28: note: previous definition of ‘v’ was here
  100 | void asignarValor(Vector * v, int i, int valor) {
      |                   ~~~~~~~~~^
exercises.c:101:10: error: unused variable ‘v’ [-Werror=unused-variable]
  101 |   Vector v[i]=valor;
      |          ^
exercises.c: In function ‘sumaV’:
exercises.c:120:5: error: invalid operands to binary + (have ‘Vector *’ and ‘Vector *’)
  120 | *c=a+b;
      |     ^
exercises.c: In function ‘crearPersona’:
exercises.c:71:3: error: ignoring return value of ‘scanf’ declared with attribute ‘warn_unused_result’ [-Werror=unused-result]
   71 |   scanf("%s ",p->nombre);
      |   ^~~~~~~~~~~~~~~~~~~~~~
exercises.c:72:3: error: ignoring return value of ‘scanf’ declared with attribute ‘warn_unused_result’ [-Werror=unused-result]
   72 |   scanf("%s ",p->rut);
      |   ^~~~~~~~~~~~~~~~~~~
exercises.c:73:3: error: ignoring return value of ‘scanf’ declared with attribute ‘warn_unused_result’ [-Werror=unused-result]
   73 |   scanf("%i",&p->edad);
      |   ^~~~~~~~~~~~~~~~~~~~
cc1: all warnings being treated as errors
Compilation failed
f12372e
Sun 14 Aug 2022 09:58:31 PM UTC: 
 exercises.c | 4 +++-
 1 file changed, 3 insertions(+), 1 deletion(-)
In file included from test.c:5:
exercises.c: In function ‘crearVector’:
exercises.c:91:8: error: unused variable ‘v’ [-Werror=unused-variable]
   91 |   int* v[n];
      |        ^
exercises.c: In function ‘asignarValor’:
exercises.c:101:3: error: variable-sized object may not be initialized
  101 |   Vector v[i]=valor;
      |   ^~~~~~
exercises.c:101:10: error: ‘v’ redeclared as different kind of symbol
  101 |   Vector v[i]=valor;
      |          ^
exercises.c:100:28: note: previous definition of ‘v’ was here
  100 | void asignarValor(Vector * v, int i, int valor) {
      |                   ~~~~~~~~~^
exercises.c:101:10: error: unused variable ‘v’ [-Werror=unused-variable]
  101 |   Vector v[i]=valor;
      |          ^
exercises.c: In function ‘sumaV’:
exercises.c:120:8: error: ‘i’ undeclared (first use in this function)
  120 |   for (i=0;i<3;i++){
      |        ^
exercises.c:120:8: note: each undeclared identifier is reported only once for each function it appears in
exercises.c: In function ‘crearPersona’:
exercises.c:71:3: error: ignoring return value of ‘scanf’ declared with attribute ‘warn_unused_result’ [-Werror=unused-result]
   71 |   scanf("%s ",p->nombre);
      |   ^~~~~~~~~~~~~~~~~~~~~~
exercises.c:72:3: error: ignoring return value of ‘scanf’ declared with attribute ‘warn_unused_result’ [-Werror=unused-result]
   72 |   scanf("%s ",p->rut);
      |   ^~~~~~~~~~~~~~~~~~~
exercises.c:73:3: error: ignoring return value of ‘scanf’ declared with attribute ‘warn_unused_result’ [-Werror=unused-result]
   73 |   scanf("%i",&p->edad);
      |   ^~~~~~~~~~~~~~~~~~~~
cc1: all warnings being treated as errors
Compilation failed
ae077d9
Sun 14 Aug 2022 09:59:28 PM UTC: 
 exercises.c | 6 +++---
 1 file changed, 3 insertions(+), 3 deletions(-)
In file included from test.c:5:
exercises.c: In function ‘crearVector’:
exercises.c:91:8: error: unused variable ‘v’ [-Werror=unused-variable]
   91 |   int* v[n];
      |        ^
exercises.c: In function ‘asignarValor’:
exercises.c:101:3: error: variable-sized object may not be initialized
  101 |   Vector v[i]=valor;
      |   ^~~~~~
exercises.c:101:10: error: ‘v’ redeclared as different kind of symbol
  101 |   Vector v[i]=valor;
      |          ^
exercises.c:100:28: note: previous definition of ‘v’ was here
  100 | void asignarValor(Vector * v, int i, int valor) {
      |                   ~~~~~~~~~^
exercises.c:101:10: error: unused variable ‘v’ [-Werror=unused-variable]
  101 |   Vector v[i]=valor;
      |          ^
exercises.c: In function ‘sumaV’:
exercises.c:121:6: error: left-hand operand of comma expression has no effect [-Werror=unused-value]
  121 |   c[1,2,3]=a[1,2,3]+b[1,2,3];
      |      ^
exercises.c:121:8: error: left-hand operand of comma expression has no effect [-Werror=unused-value]
  121 |   c[1,2,3]=a[1,2,3]+b[1,2,3];
      |        ^
exercises.c:121:15: error: left-hand operand of comma expression has no effect [-Werror=unused-value]
  121 |   c[1,2,3]=a[1,2,3]+b[1,2,3];
      |               ^
exercises.c:121:17: error: left-hand operand of comma expression has no effect [-Werror=unused-value]
  121 |   c[1,2,3]=a[1,2,3]+b[1,2,3];
      |                 ^
exercises.c:121:24: error: left-hand operand of comma expression has no effect [-Werror=unused-value]
  121 |   c[1,2,3]=a[1,2,3]+b[1,2,3];
      |                        ^
exercises.c:121:26: error: left-hand operand of comma expression has no effect [-Werror=unused-value]
  121 |   c[1,2,3]=a[1,2,3]+b[1,2,3];
      |                          ^
exercises.c:121:20: error: invalid operands to binary + (have ‘Vector’ and ‘Vector’)
  121 |   c[1,2,3]=a[1,2,3]+b[1,2,3];
      |            ~~~~~~~~^~~~~~~~~
      |             |        |
      |             Vector   Vector
exercises.c: In function ‘crearPersona’:
exercises.c:71:3: error: ignoring return value of ‘scanf’ declared with attribute ‘warn_unused_result’ [-Werror=unused-result]
   71 |   scanf("%s ",p->nombre);
      |   ^~~~~~~~~~~~~~~~~~~~~~
exercises.c:72:3: error: ignoring return value of ‘scanf’ declared with attribute ‘warn_unused_result’ [-Werror=unused-result]
   72 |   scanf("%s ",p->rut);
      |   ^~~~~~~~~~~~~~~~~~~
exercises.c:73:3: error: ignoring return value of ‘scanf’ declared with attribute ‘warn_unused_result’ [-Werror=unused-result]
   73 |   scanf("%i",&p->edad);
      |   ^~~~~~~~~~~~~~~~~~~~
cc1: all warnings being treated as errors
Compilation failed
4a6e697
Sun 14 Aug 2022 10:03:33 PM UTC: 
 exercises.c | 2 +-
 1 file changed, 1 insertion(+), 1 deletion(-)
In file included from test.c:5:
exercises.c: In function ‘crearVector’:
exercises.c:91:8: error: unused variable ‘v’ [-Werror=unused-variable]
   91 |   int* v[n];
      |        ^
exercises.c: In function ‘asignarValor’:
exercises.c:101:8: error: incompatible types when assigning to type ‘Vector’ from type ‘int’
  101 |   v[i]=valor;
      |        ^~~~~
exercises.c: In function ‘sumaV’:
exercises.c:121:6: error: left-hand operand of comma expression has no effect [-Werror=unused-value]
  121 |   c[1,2,3]=a[1,2,3]+b[1,2,3];
      |      ^
exercises.c:121:8: error: left-hand operand of comma expression has no effect [-Werror=unused-value]
  121 |   c[1,2,3]=a[1,2,3]+b[1,2,3];
      |        ^
exercises.c:121:15: error: left-hand operand of comma expression has no effect [-Werror=unused-value]
  121 |   c[1,2,3]=a[1,2,3]+b[1,2,3];
      |               ^
exercises.c:121:17: error: left-hand operand of comma expression has no effect [-Werror=unused-value]
  121 |   c[1,2,3]=a[1,2,3]+b[1,2,3];
      |                 ^
exercises.c:121:24: error: left-hand operand of comma expression has no effect [-Werror=unused-value]
  121 |   c[1,2,3]=a[1,2,3]+b[1,2,3];
      |                        ^
exercises.c:121:26: error: left-hand operand of comma expression has no effect [-Werror=unused-value]
  121 |   c[1,2,3]=a[1,2,3]+b[1,2,3];
      |                          ^
exercises.c:121:20: error: invalid operands to binary + (have ‘Vector’ and ‘Vector’)
  121 |   c[1,2,3]=a[1,2,3]+b[1,2,3];
      |            ~~~~~~~~^~~~~~~~~
      |             |        |
      |             Vector   Vector
exercises.c: In function ‘crearPersona’:
exercises.c:71:3: error: ignoring return value of ‘scanf’ declared with attribute ‘warn_unused_result’ [-Werror=unused-result]
   71 |   scanf("%s ",p->nombre);
      |   ^~~~~~~~~~~~~~~~~~~~~~
exercises.c:72:3: error: ignoring return value of ‘scanf’ declared with attribute ‘warn_unused_result’ [-Werror=unused-result]
   72 |   scanf("%s ",p->rut);
      |   ^~~~~~~~~~~~~~~~~~~
exercises.c:73:3: error: ignoring return value of ‘scanf’ declared with attribute ‘warn_unused_result’ [-Werror=unused-result]
   73 |   scanf("%i",&p->edad);
      |   ^~~~~~~~~~~~~~~~~~~~
cc1: all warnings being treated as errors
Compilation failed
18ef3a4
Sun 14 Aug 2022 10:04:07 PM UTC: 
 exercises.c | 2 +-
 1 file changed, 1 insertion(+), 1 deletion(-)
In file included from test.c:5:
exercises.c: In function ‘crearVector’:
exercises.c:91:8: error: unused variable ‘v’ [-Werror=unused-variable]
   91 |   int* v[n];
      |        ^
exercises.c: In function ‘asignarValor’:
exercises.c:101:8: error: incompatible types when assigning to type ‘Vector’ from type ‘int’
  101 |   v[i]=valor;
      |        ^~~~~
exercises.c: In function ‘sumaV’:
exercises.c:121:5: error: expected expression before ‘]’ token
  121 |   c[]=a+b;
      |     ^
exercises.c: In function ‘crearPersona’:
exercises.c:71:3: error: ignoring return value of ‘scanf’ declared with attribute ‘warn_unused_result’ [-Werror=unused-result]
   71 |   scanf("%s ",p->nombre);
      |   ^~~~~~~~~~~~~~~~~~~~~~
exercises.c:72:3: error: ignoring return value of ‘scanf’ declared with attribute ‘warn_unused_result’ [-Werror=unused-result]
   72 |   scanf("%s ",p->rut);
      |   ^~~~~~~~~~~~~~~~~~~
exercises.c:73:3: error: ignoring return value of ‘scanf’ declared with attribute ‘warn_unused_result’ [-Werror=unused-result]
   73 |   scanf("%i",&p->edad);
      |   ^~~~~~~~~~~~~~~~~~~~
cc1: all warnings being treated as errors
Compilation failed
046b669
Sun 14 Aug 2022 10:05:34 PM UTC: 
 exercises.c | 7 ++++---
 1 file changed, 4 insertions(+), 3 deletions(-)
In file included from test.c:5:
exercises.c: In function ‘crearVector’:
exercises.c:91:8: error: unused variable ‘v’ [-Werror=unused-variable]
   91 |   int* v[n];
      |        ^
exercises.c: In function ‘asignarValor’:
exercises.c:101:8: error: incompatible types when assigning to type ‘Vector’ from type ‘int’
  101 |   v[i]=valor;
      |        ^~~~~
exercises.c: In function ‘sumaV’:
exercises.c:122:14: error: invalid operands to binary + (have ‘Vector’ and ‘Vector’)
  122 |     c[i]=a[i]+b[i];
      |          ~~~~^~~~~
      |           |    |
      |           |    Vector
      |           Vector
exercises.c: In function ‘crearPersona’:
exercises.c:71:3: error: ignoring return value of ‘scanf’ declared with attribute ‘warn_unused_result’ [-Werror=unused-result]
   71 |   scanf("%s ",p->nombre);
      |   ^~~~~~~~~~~~~~~~~~~~~~
exercises.c:72:3: error: ignoring return value of ‘scanf’ declared with attribute ‘warn_unused_result’ [-Werror=unused-result]
   72 |   scanf("%s ",p->rut);
      |   ^~~~~~~~~~~~~~~~~~~
exercises.c:73:3: error: ignoring return value of ‘scanf’ declared with attribute ‘warn_unused_result’ [-Werror=unused-result]
   73 |   scanf("%i",&p->edad);
      |   ^~~~~~~~~~~~~~~~~~~~
cc1: all warnings being treated as errors
Compilation failed
927950f
Sun 14 Aug 2022 10:11:47 PM UTC: 
 exercises.c | 2 +-
 1 file changed, 1 insertion(+), 1 deletion(-)
In file included from test.c:5:
exercises.c: In function ‘crearPersona’:
exercises.c:71:17: error: ‘p’ is a pointer; did you mean to use ‘->’?
   71 |   scanf("%s ",&p.nombre);
      |                 ^
      |                 ->
exercises.c: In function ‘crearVector’:
exercises.c:91:8: error: unused variable ‘v’ [-Werror=unused-variable]
   91 |   int* v[n];
      |        ^
exercises.c: In function ‘asignarValor’:
exercises.c:101:8: error: incompatible types when assigning to type ‘Vector’ from type ‘int’
  101 |   v[i]=valor;
      |        ^~~~~
exercises.c: In function ‘sumaV’:
exercises.c:122:14: error: invalid operands to binary + (have ‘Vector’ and ‘Vector’)
  122 |     c[i]=a[i]+b[i];
      |          ~~~~^~~~~
      |           |    |
      |           |    Vector
      |           Vector
exercises.c: In function ‘crearPersona’:
exercises.c:72:3: error: ignoring return value of ‘scanf’ declared with attribute ‘warn_unused_result’ [-Werror=unused-result]
   72 |   scanf("%s ",p->rut);
      |   ^~~~~~~~~~~~~~~~~~~
exercises.c:73:3: error: ignoring return value of ‘scanf’ declared with attribute ‘warn_unused_result’ [-Werror=unused-result]
   73 |   scanf("%i",&p->edad);
      |   ^~~~~~~~~~~~~~~~~~~~
cc1: all warnings being treated as errors
Compilation failed
8dc1e24
Sun 14 Aug 2022 10:12:06 PM UTC: 
 exercises.c | 4 ++--
 1 file changed, 2 insertions(+), 2 deletions(-)
In file included from test.c:5:
exercises.c: In function ‘crearPersona’:
exercises.c:71:17: error: ‘p’ is a pointer; did you mean to use ‘->’?
   71 |   scanf("%s ",&p.nombre);
      |                 ^
      |                 ->
exercises.c:72:17: error: ‘p’ is a pointer; did you mean to use ‘->’?
   72 |   scanf("%s ",&p.rut);
      |                 ^
      |                 ->
exercises.c:73:16: error: ‘p’ is a pointer; did you mean to use ‘->’?
   73 |   scanf("%i",&p.edad);
      |                ^
      |                ->
exercises.c:70:12: error: variable ‘p’ set but not used [-Werror=unused-but-set-variable]
   70 |   Persona* p =(Persona*)malloc(sizeof(Persona));
      |            ^
exercises.c: In function ‘crearVector’:
exercises.c:91:8: error: unused variable ‘v’ [-Werror=unused-variable]
   91 |   int* v[n];
      |        ^
exercises.c: In function ‘asignarValor’:
exercises.c:101:8: error: incompatible types when assigning to type ‘Vector’ from type ‘int’
  101 |   v[i]=valor;
      |        ^~~~~
exercises.c: In function ‘sumaV’:
exercises.c:122:14: error: invalid operands to binary + (have ‘Vector’ and ‘Vector’)
  122 |     c[i]=a[i]+b[i];
      |          ~~~~^~~~~
      |           |    |
      |           |    Vector
      |           Vector
cc1: all warnings being treated as errors
Compilation failed
738b3dc
Sun 14 Aug 2022 10:12:54 PM UTC: 
 exercises.c | 4 ++--
 1 file changed, 2 insertions(+), 2 deletions(-)
In file included from test.c:5:
exercises.c: In function ‘crearPersona’:
exercises.c:73:16: error: ‘p’ is a pointer; did you mean to use ‘->’?
   73 |   scanf("%i",&p.edad);
      |                ^
      |                ->
exercises.c: In function ‘crearVector’:
exercises.c:91:8: error: unused variable ‘v’ [-Werror=unused-variable]
   91 |   int* v[n];
      |        ^
exercises.c: In function ‘asignarValor’:
exercises.c:101:8: error: incompatible types when assigning to type ‘Vector’ from type ‘int’
  101 |   v[i]=valor;
      |        ^~~~~
exercises.c: In function ‘sumaV’:
exercises.c:122:14: error: invalid operands to binary + (have ‘Vector’ and ‘Vector’)
  122 |     c[i]=a[i]+b[i];
      |          ~~~~^~~~~
      |           |    |
      |           |    Vector
      |           Vector
exercises.c: In function ‘crearPersona’:
exercises.c:71:3: error: ignoring return value of ‘scanf’ declared with attribute ‘warn_unused_result’ [-Werror=unused-result]
   71 |   scanf("%s ",p->nombre);
      |   ^~~~~~~~~~~~~~~~~~~~~~
exercises.c:72:3: error: ignoring return value of ‘scanf’ declared with attribute ‘warn_unused_result’ [-Werror=unused-result]
   72 |   scanf("%s ",p->rut);
      |   ^~~~~~~~~~~~~~~~~~~
cc1: all warnings being treated as errors
Compilation failed
ee48cd8
Sun 14 Aug 2022 10:13:07 PM UTC: 
 exercises.c | 2 +-
 1 file changed, 1 insertion(+), 1 deletion(-)
In file included from test.c:5:
exercises.c: In function ‘crearVector’:
exercises.c:91:8: error: unused variable ‘v’ [-Werror=unused-variable]
   91 |   int* v[n];
      |        ^
exercises.c: In function ‘asignarValor’:
exercises.c:101:8: error: incompatible types when assigning to type ‘Vector’ from type ‘int’
  101 |   v[i]=valor;
      |        ^~~~~
exercises.c: In function ‘sumaV’:
exercises.c:122:14: error: invalid operands to binary + (have ‘Vector’ and ‘Vector’)
  122 |     c[i]=a[i]+b[i];
      |          ~~~~^~~~~
      |           |    |
      |           |    Vector
      |           Vector
exercises.c: In function ‘crearPersona’:
exercises.c:71:3: error: ignoring return value of ‘scanf’ declared with attribute ‘warn_unused_result’ [-Werror=unused-result]
   71 |   scanf("%s ",p->nombre);
      |   ^~~~~~~~~~~~~~~~~~~~~~
exercises.c:72:3: error: ignoring return value of ‘scanf’ declared with attribute ‘warn_unused_result’ [-Werror=unused-result]
   72 |   scanf("%s ",p->rut);
      |   ^~~~~~~~~~~~~~~~~~~
exercises.c:73:3: error: ignoring return value of ‘scanf’ declared with attribute ‘warn_unused_result’ [-Werror=unused-result]
   73 |   scanf("%i",&p->edad);
      |   ^~~~~~~~~~~~~~~~~~~~
cc1: all warnings being treated as errors
Compilation failed
93b91d9
Sun 14 Aug 2022 10:14:37 PM UTC: 
 exercises.c | 2 +-
 1 file changed, 1 insertion(+), 1 deletion(-)
In file included from test.c:5:
exercises.c: In function ‘crearPersona’:
exercises.c:74:12: error: expected expression before ‘;’ token
   74 |   return p*;
      |            ^
exercises.c: In function ‘crearVector’:
exercises.c:91:8: error: unused variable ‘v’ [-Werror=unused-variable]
   91 |   int* v[n];
      |        ^
exercises.c: In function ‘asignarValor’:
exercises.c:101:8: error: incompatible types when assigning to type ‘Vector’ from type ‘int’
  101 |   v[i]=valor;
      |        ^~~~~
exercises.c: In function ‘sumaV’:
exercises.c:122:14: error: invalid operands to binary + (have ‘Vector’ and ‘Vector’)
  122 |     c[i]=a[i]+b[i];
      |          ~~~~^~~~~
      |           |    |
      |           |    Vector
      |           Vector
exercises.c: In function ‘crearPersona’:
exercises.c:71:3: error: ignoring return value of ‘scanf’ declared with attribute ‘warn_unused_result’ [-Werror=unused-result]
   71 |   scanf("%s ",p->nombre);
      |   ^~~~~~~~~~~~~~~~~~~~~~
exercises.c:72:3: error: ignoring return value of ‘scanf’ declared with attribute ‘warn_unused_result’ [-Werror=unused-result]
   72 |   scanf("%s ",p->rut);
      |   ^~~~~~~~~~~~~~~~~~~
exercises.c:73:3: error: ignoring return value of ‘scanf’ declared with attribute ‘warn_unused_result’ [-Werror=unused-result]
   73 |   scanf("%i",&p->edad);
      |   ^~~~~~~~~~~~~~~~~~~~
exercises.c:75:1: error: control reaches end of non-void function [-Werror=return-type]
   75 | }
      | ^
cc1: all warnings being treated as errors
Compilation failed
4181ec5
Sun 14 Aug 2022 10:15:10 PM UTC: 
 exercises.c | 2 +-
 1 file changed, 1 insertion(+), 1 deletion(-)
In file included from test.c:5:
exercises.c: In function ‘crearPersona’:
exercises.c:74:10: error: expected expression before ‘Persona’
   74 |   return Persona*p;
      |          ^~~~~~~
exercises.c: In function ‘crearVector’:
exercises.c:91:8: error: unused variable ‘v’ [-Werror=unused-variable]
   91 |   int* v[n];
      |        ^
exercises.c: In function ‘asignarValor’:
exercises.c:101:8: error: incompatible types when assigning to type ‘Vector’ from type ‘int’
  101 |   v[i]=valor;
      |        ^~~~~
exercises.c: In function ‘sumaV’:
exercises.c:122:14: error: invalid operands to binary + (have ‘Vector’ and ‘Vector’)
  122 |     c[i]=a[i]+b[i];
      |          ~~~~^~~~~
      |           |    |
      |           |    Vector
      |           Vector
exercises.c: In function ‘crearPersona’:
exercises.c:71:3: error: ignoring return value of ‘scanf’ declared with attribute ‘warn_unused_result’ [-Werror=unused-result]
   71 |   scanf("%s ",p->nombre);
      |   ^~~~~~~~~~~~~~~~~~~~~~
exercises.c:72:3: error: ignoring return value of ‘scanf’ declared with attribute ‘warn_unused_result’ [-Werror=unused-result]
   72 |   scanf("%s ",p->rut);
      |   ^~~~~~~~~~~~~~~~~~~
exercises.c:73:3: error: ignoring return value of ‘scanf’ declared with attribute ‘warn_unused_result’ [-Werror=unused-result]
   73 |   scanf("%i",&p->edad);
      |   ^~~~~~~~~~~~~~~~~~~~
exercises.c:75:1: error: control reaches end of non-void function [-Werror=return-type]
   75 | }
      | ^
cc1: all warnings being treated as errors
Compilation failed
1e2f27a
Sun 14 Aug 2022 10:15:22 PM UTC: 
 exercises.c | 2 +-
 1 file changed, 1 insertion(+), 1 deletion(-)
In file included from test.c:5:
exercises.c: In function ‘crearVector’:
exercises.c:91:8: error: unused variable ‘v’ [-Werror=unused-variable]
   91 |   int* v[n];
      |        ^
exercises.c: In function ‘asignarValor’:
exercises.c:101:8: error: incompatible types when assigning to type ‘Vector’ from type ‘int’
  101 |   v[i]=valor;
      |        ^~~~~
exercises.c: In function ‘sumaV’:
exercises.c:122:14: error: invalid operands to binary + (have ‘Vector’ and ‘Vector’)
  122 |     c[i]=a[i]+b[i];
      |          ~~~~^~~~~
      |           |    |
      |           |    Vector
      |           Vector
exercises.c: In function ‘crearPersona’:
exercises.c:71:3: error: ignoring return value of ‘scanf’ declared with attribute ‘warn_unused_result’ [-Werror=unused-result]
   71 |   scanf("%s ",p->nombre);
      |   ^~~~~~~~~~~~~~~~~~~~~~
exercises.c:72:3: error: ignoring return value of ‘scanf’ declared with attribute ‘warn_unused_result’ [-Werror=unused-result]
   72 |   scanf("%s ",p->rut);
      |   ^~~~~~~~~~~~~~~~~~~
exercises.c:73:3: error: ignoring return value of ‘scanf’ declared with attribute ‘warn_unused_result’ [-Werror=unused-result]
   73 |   scanf("%i",&p->edad);
      |   ^~~~~~~~~~~~~~~~~~~~
cc1: all warnings being treated as errors
Compilation failed
923a754
Sun 14 Aug 2022 10:20:14 PM UTC: 
 exercises.c | 2 +-
 1 file changed, 1 insertion(+), 1 deletion(-)
In file included from test.c:5:
exercises.c: In function ‘crearVector’:
exercises.c:91:3: error: ‘v’ undeclared (first use in this function)
   91 |   v = (int*)malloc(n*sizeof(int))
      |   ^
exercises.c:91:3: note: each undeclared identifier is reported only once for each function it appears in
exercises.c:91:34: error: expected ‘;’ before ‘return’
   91 |   v = (int*)malloc(n*sizeof(int))
      |                                  ^
      |                                  ;
   92 |    return NULL;
      |    ~~~~~~                         
exercises.c: In function ‘asignarValor’:
exercises.c:101:8: error: incompatible types when assigning to type ‘Vector’ from type ‘int’
  101 |   v[i]=valor;
      |        ^~~~~
exercises.c: In function ‘sumaV’:
exercises.c:122:14: error: invalid operands to binary + (have ‘Vector’ and ‘Vector’)
  122 |     c[i]=a[i]+b[i];
      |          ~~~~^~~~~
      |           |    |
      |           |    Vector
      |           Vector
exercises.c: In function ‘crearPersona’:
exercises.c:71:3: error: ignoring return value of ‘scanf’ declared with attribute ‘warn_unused_result’ [-Werror=unused-result]
   71 |   scanf("%s ",p->nombre);
      |   ^~~~~~~~~~~~~~~~~~~~~~
exercises.c:72:3: error: ignoring return value of ‘scanf’ declared with attribute ‘warn_unused_result’ [-Werror=unused-result]
   72 |   scanf("%s ",p->rut);
      |   ^~~~~~~~~~~~~~~~~~~
exercises.c:73:3: error: ignoring return value of ‘scanf’ declared with attribute ‘warn_unused_result’ [-Werror=unused-result]
   73 |   scanf("%i",&p->edad);
      |   ^~~~~~~~~~~~~~~~~~~~
exercises.c: In function ‘crearVector’:
exercises.c:93:1: error: control reaches end of non-void function [-Werror=return-type]
   93 | }
      | ^
cc1: all warnings being treated as errors
Compilation failed
97ff41a
Sun 14 Aug 2022 11:09:03 PM UTC: 
 exercises.c | 3 ++-
 1 file changed, 2 insertions(+), 1 deletion(-)
In file included from test.c:5:
exercises.c: In function ‘crearVector’:
exercises.c:91:3: error: ‘v’ undeclared (first use in this function)
   91 |   v = (int*)malloc(n*sizeof(int))
      |   ^
exercises.c:91:3: note: each undeclared identifier is reported only once for each function it appears in
exercises.c:91:34: error: expected ‘;’ before ‘return’
   91 |   v = (int*)malloc(n*sizeof(int))
      |                                  ^
      |                                  ;
   92 |    return NULL;
      |    ~~~~~~                         
exercises.c: In function ‘asignarValor’:
exercises.c:101:8: error: incompatible types when assigning to type ‘Vector’ from type ‘int’
  101 |   v[i]=valor;
      |        ^~~~~
exercises.c: In function ‘sumaV’:
exercises.c:122:14: error: invalid operands to binary + (have ‘Vector’ and ‘Vector’)
  122 |     c[i]=a[i]+b[i];
      |          ~~~~^~~~~
      |           |    |
      |           |    Vector
      |           Vector
exercises.c: In function ‘sumaV2’:
exercises.c:132:1: error: invalid type argument of unary ‘*’ (have ‘Vector’)
  132 | *c[0]=a1[0]+b[0];
      | ^~~~~
exercises.c:132:9: error: subscripted value is neither array nor pointer nor vector
  132 | *c[0]=a1[0]+b[0];
      |         ^
exercises.c:132:13: error: ‘b’ undeclared (first use in this function)
  132 | *c[0]=a1[0]+b[0];
      |             ^
exercises.c:133:2: error: invalid type argument of unary ‘*’ (have ‘Vector’)
  133 |  *c[1]=
      |  ^~~~~
exercises.c:134:1: error: expected expression before ‘}’ token
  134 | }
      | ^
exercises.c: In function ‘crearPersona’:
exercises.c:71:3: error: ignoring return value of ‘scanf’ declared with attribute ‘warn_unused_result’ [-Werror=unused-result]
   71 |   scanf("%s ",p->nombre);
      |   ^~~~~~~~~~~~~~~~~~~~~~
exercises.c:72:3: error: ignoring return value of ‘scanf’ declared with attribute ‘warn_unused_result’ [-Werror=unused-result]
   72 |   scanf("%s ",p->rut);
      |   ^~~~~~~~~~~~~~~~~~~
exercises.c:73:3: error: ignoring return value of ‘scanf’ declared with attribute ‘warn_unused_result’ [-Werror=unused-result]
   73 |   scanf("%i",&p->edad);
      |   ^~~~~~~~~~~~~~~~~~~~
exercises.c: In function ‘crearVector’:
exercises.c:93:1: error: control reaches end of non-void function [-Werror=return-type]
   93 | }
      | ^
cc1: all warnings being treated as errors
Compilation failed
5703556
Mon 15 Aug 2022 01:23:00 AM UTC: 
 exercises.c | 6 +++---
 1 file changed, 3 insertions(+), 3 deletions(-)
In file included from test.c:5:
exercises.c: In function ‘crearPersona’:
exercises.c:71:3: error: too few arguments to function ‘strcpy’
   71 |   strcpy(p->nombre);
      |   ^~~~~~
In file included from /nix/store/iwd8ic5hhwdxn5dga0im55g5hjl270cd-glibc-2.33-47-dev/include/features.h:473,
                 from /nix/store/iwd8ic5hhwdxn5dga0im55g5hjl270cd-glibc-2.33-47-dev/include/bits/libc-header-start.h:33,
                 from /nix/store/iwd8ic5hhwdxn5dga0im55g5hjl270cd-glibc-2.33-47-dev/include/stdio.h:27,
                 from test.c:1:
/nix/store/iwd8ic5hhwdxn5dga0im55g5hjl270cd-glibc-2.33-47-dev/include/bits/string_fortified.h:77:1: note: declared here
   77 | __NTH (strcpy (char *__restrict __dest, const char *__restrict __src))
      | ^~~~~
In file included from test.c:5:
exercises.c:72:3: error: too few arguments to function ‘strcpy’
   72 |   strcpy(p->rut);
      |   ^~~~~~
In file included from /nix/store/iwd8ic5hhwdxn5dga0im55g5hjl270cd-glibc-2.33-47-dev/include/features.h:473,
                 from /nix/store/iwd8ic5hhwdxn5dga0im55g5hjl270cd-glibc-2.33-47-dev/include/bits/libc-header-start.h:33,
                 from /nix/store/iwd8ic5hhwdxn5dga0im55g5hjl270cd-glibc-2.33-47-dev/include/stdio.h:27,
                 from test.c:1:
/nix/store/iwd8ic5hhwdxn5dga0im55g5hjl270cd-glibc-2.33-47-dev/include/bits/string_fortified.h:77:1: note: declared here
   77 | __NTH (strcpy (char *__restrict __dest, const char *__restrict __src))
      | ^~~~~
In file included from test.c:5:
exercises.c:73:4: error: assignment to ‘Persona *’ from ‘int’ makes pointer from integer without a cast [-Werror=int-conversion]
   73 |   p=edad);
      |    ^
exercises.c:73:9: error: expected ‘;’ before ‘)’ token
   73 |   p=edad);
      |         ^
      |         ;
exercises.c:73:9: error: expected statement before ‘)’ token
exercises.c: In function ‘crearVector’:
exercises.c:91:3: error: ‘v’ undeclared (first use in this function)
   91 |   v = (int*)malloc(n*sizeof(int))
      |   ^
exercises.c:91:3: note: each undeclared identifier is reported only once for each function it appears in
exercises.c:91:34: error: expected ‘;’ before ‘return’
   91 |   v = (int*)malloc(n*sizeof(int))
      |                                  ^
      |                                  ;
   92 |    return NULL;
      |    ~~~~~~                         
exercises.c: In function ‘asignarValor’:
exercises.c:101:8: error: incompatible types when assigning to type ‘Vector’ from type ‘int’
  101 |   v[i]=valor;
      |        ^~~~~
exercises.c: In function ‘sumaV’:
exercises.c:122:14: error: invalid operands to binary + (have ‘Vector’ and ‘Vector’)
  122 |     c[i]=a[i]+b[i];
      |          ~~~~^~~~~
      |           |    |
      |           |    Vector
      |           Vector
exercises.c: In function ‘sumaV2’:
exercises.c:132:1: error: invalid type argument of unary ‘*’ (have ‘Vector’)
  132 | *c[0]=a1[0]+b[0];
      | ^~~~~
exercises.c:132:9: error: subscripted value is neither array nor pointer nor vector
  132 | *c[0]=a1[0]+b[0];
      |         ^
exercises.c:132:13: error: ‘b’ undeclared (first use in this function)
  132 | *c[0]=a1[0]+b[0];
      |             ^
exercises.c:133:2: error: invalid type argument of unary ‘*’ (have ‘Vector’)
  133 |  *c[1]=
      |  ^~~~~
exercises.c:134:1: error: expected expression before ‘}’ token
  134 | }
      | ^
exercises.c: In function ‘crearVector’:
exercises.c:93:1: error: control reaches end of non-void function [-Werror=return-type]
   93 | }
      | ^
cc1: all warnings being treated as errors
Compilation failed
00cc108
Mon 15 Aug 2022 01:24:25 AM UTC: 
 exercises.c | 2 +-
 1 file changed, 1 insertion(+), 1 deletion(-)
In file included from test.c:5:
exercises.c: In function ‘crearPersona’:
exercises.c:71:3: error: too few arguments to function ‘strcpy’
   71 |   strcpy(p->nombre);
      |   ^~~~~~
In file included from /nix/store/iwd8ic5hhwdxn5dga0im55g5hjl270cd-glibc-2.33-47-dev/include/features.h:473,
                 from /nix/store/iwd8ic5hhwdxn5dga0im55g5hjl270cd-glibc-2.33-47-dev/include/bits/libc-header-start.h:33,
                 from /nix/store/iwd8ic5hhwdxn5dga0im55g5hjl270cd-glibc-2.33-47-dev/include/stdio.h:27,
                 from test.c:1:
/nix/store/iwd8ic5hhwdxn5dga0im55g5hjl270cd-glibc-2.33-47-dev/include/bits/string_fortified.h:77:1: note: declared here
   77 | __NTH (strcpy (char *__restrict __dest, const char *__restrict __src))
      | ^~~~~
In file included from test.c:5:
exercises.c:72:3: error: too few arguments to function ‘strcpy’
   72 |   strcpy(p->rut);
      |   ^~~~~~
In file included from /nix/store/iwd8ic5hhwdxn5dga0im55g5hjl270cd-glibc-2.33-47-dev/include/features.h:473,
                 from /nix/store/iwd8ic5hhwdxn5dga0im55g5hjl270cd-glibc-2.33-47-dev/include/bits/libc-header-start.h:33,
                 from /nix/store/iwd8ic5hhwdxn5dga0im55g5hjl270cd-glibc-2.33-47-dev/include/stdio.h:27,
                 from test.c:1:
/nix/store/iwd8ic5hhwdxn5dga0im55g5hjl270cd-glibc-2.33-47-dev/include/bits/string_fortified.h:77:1: note: declared here
   77 | __NTH (strcpy (char *__restrict __dest, const char *__restrict __src))
      | ^~~~~
In file included from test.c:5:
exercises.c: In function ‘crearVector’:
exercises.c:91:3: error: ‘v’ undeclared (first use in this function)
   91 |   v = (int*)malloc(n*sizeof(int))
      |   ^
exercises.c:91:3: note: each undeclared identifier is reported only once for each function it appears in
exercises.c:91:34: error: expected ‘;’ before ‘return’
   91 |   v = (int*)malloc(n*sizeof(int))
      |                                  ^
      |                                  ;
   92 |    return NULL;
      |    ~~~~~~                         
exercises.c: In function ‘asignarValor’:
exercises.c:101:8: error: incompatible types when assigning to type ‘Vector’ from type ‘int’
  101 |   v[i]=valor;
      |        ^~~~~
exercises.c: In function ‘sumaV’:
exercises.c:122:14: error: invalid operands to binary + (have ‘Vector’ and ‘Vector’)
  122 |     c[i]=a[i]+b[i];
      |          ~~~~^~~~~
      |           |    |
      |           |    Vector
      |           Vector
exercises.c: In function ‘sumaV2’:
exercises.c:132:1: error: invalid type argument of unary ‘*’ (have ‘Vector’)
  132 | *c[0]=a1[0]+b[0];
      | ^~~~~
exercises.c:132:9: error: subscripted value is neither array nor pointer nor vector
  132 | *c[0]=a1[0]+b[0];
      |         ^
exercises.c:132:13: error: ‘b’ undeclared (first use in this function)
  132 | *c[0]=a1[0]+b[0];
      |             ^
exercises.c:133:2: error: invalid type argument of unary ‘*’ (have ‘Vector’)
  133 |  *c[1]=
      |  ^~~~~
exercises.c:134:1: error: expected expression before ‘}’ token
  134 | }
      | ^
exercises.c: In function ‘crearVector’:
exercises.c:93:1: error: control reaches end of non-void function [-Werror=return-type]
   93 | }
      | ^
cc1: all warnings being treated as errors
Compilation failed
6d1bf55
Mon 15 Aug 2022 01:25:25 AM UTC: 
 exercises.c | 4 ++--
 1 file changed, 2 insertions(+), 2 deletions(-)
In file included from test.c:5:
exercises.c: In function ‘crearVector’:
exercises.c:91:3: error: ‘v’ undeclared (first use in this function)
   91 |   v = (int*)malloc(n*sizeof(int))
      |   ^
exercises.c:91:3: note: each undeclared identifier is reported only once for each function it appears in
exercises.c:91:34: error: expected ‘;’ before ‘return’
   91 |   v = (int*)malloc(n*sizeof(int))
      |                                  ^
      |                                  ;
   92 |    return NULL;
      |    ~~~~~~                         
exercises.c: In function ‘asignarValor’:
exercises.c:101:8: error: incompatible types when assigning to type ‘Vector’ from type ‘int’
  101 |   v[i]=valor;
      |        ^~~~~
exercises.c: In function ‘sumaV’:
exercises.c:122:14: error: invalid operands to binary + (have ‘Vector’ and ‘Vector’)
  122 |     c[i]=a[i]+b[i];
      |          ~~~~^~~~~
      |           |    |
      |           |    Vector
      |           Vector
exercises.c: In function ‘sumaV2’:
exercises.c:132:1: error: invalid type argument of unary ‘*’ (have ‘Vector’)
  132 | *c[0]=a1[0]+b[0];
      | ^~~~~
exercises.c:132:9: error: subscripted value is neither array nor pointer nor vector
  132 | *c[0]=a1[0]+b[0];
      |         ^
exercises.c:132:13: error: ‘b’ undeclared (first use in this function)
  132 | *c[0]=a1[0]+b[0];
      |             ^
exercises.c:133:2: error: invalid type argument of unary ‘*’ (have ‘Vector’)
  133 |  *c[1]=
      |  ^~~~~
exercises.c:134:1: error: expected expression before ‘}’ token
  134 | }
      | ^
exercises.c: In function ‘crearVector’:
exercises.c:93:1: error: control reaches end of non-void function [-Werror=return-type]
   93 | }
      | ^
cc1: all warnings being treated as errors
Compilation failed
fca6299
Mon 15 Aug 2022 01:25:56 AM UTC: 
 exercises.c | 2 +-
 1 file changed, 1 insertion(+), 1 deletion(-)
In file included from test.c:5:
exercises.c: In function ‘crearVector’:
exercises.c:91:3: error: ‘v’ undeclared (first use in this function)
   91 |   v = (int*)malloc(n*sizeof(int))
      |   ^
exercises.c:91:3: note: each undeclared identifier is reported only once for each function it appears in
exercises.c:91:34: error: expected ‘;’ before ‘return’
   91 |   v = (int*)malloc(n*sizeof(int))
      |                                  ^
      |                                  ;
   92 |    return NULL;
      |    ~~~~~~                         
exercises.c: In function ‘asignarValor’:
exercises.c:101:8: error: incompatible types when assigning to type ‘Vector’ from type ‘int’
  101 |   v[i]=valor;
      |        ^~~~~
exercises.c: In function ‘sumaV’:
exercises.c:122:14: error: invalid operands to binary + (have ‘Vector’ and ‘Vector’)
  122 |     c[i]=a[i]+b[i];
      |          ~~~~^~~~~
      |           |    |
      |           |    Vector
      |           Vector
exercises.c: In function ‘sumaV2’:
exercises.c:132:1: error: invalid type argument of unary ‘*’ (have ‘Vector’)
  132 | *c[0]=a1[0]+b[0];
      | ^~~~~
exercises.c:132:9: error: subscripted value is neither array nor pointer nor vector
  132 | *c[0]=a1[0]+b[0];
      |         ^
exercises.c:132:13: error: ‘b’ undeclared (first use in this function)
  132 | *c[0]=a1[0]+b[0];
      |             ^
exercises.c:133:2: error: invalid type argument of unary ‘*’ (have ‘Vector’)
  133 |  *c[1]=
      |  ^~~~~
exercises.c:134:1: error: expected expression before ‘}’ token
  134 | }
      | ^
exercises.c: In function ‘crearVector’:
exercises.c:93:1: error: control reaches end of non-void function [-Werror=return-type]
   93 | }
      | ^
cc1: all warnings being treated as errors
Compilation failed
5f66807
Mon 15 Aug 2022 01:31:17 AM UTC: 
 exercises.c | 2 +-
 1 file changed, 1 insertion(+), 1 deletion(-)
In file included from test.c:5:
exercises.c: In function ‘crearVector’:
exercises.c:91:12: error: unused variable ‘v’ [-Werror=unused-variable]
   91 |   Vector * v = (Vector *)malloc(n*sizeof(Vector));
      |            ^
exercises.c: In function ‘asignarValor’:
exercises.c:101:8: error: incompatible types when assigning to type ‘Vector’ from type ‘int’
  101 |   v[i]=valor;
      |        ^~~~~
exercises.c: In function ‘sumaV’:
exercises.c:122:14: error: invalid operands to binary + (have ‘Vector’ and ‘Vector’)
  122 |     c[i]=a[i]+b[i];
      |          ~~~~^~~~~
      |           |    |
      |           |    Vector
      |           Vector
exercises.c: In function ‘sumaV2’:
exercises.c:132:1: error: invalid type argument of unary ‘*’ (have ‘Vector’)
  132 | *c[0]=a1[0]+b[0];
      | ^~~~~
exercises.c:132:9: error: subscripted value is neither array nor pointer nor vector
  132 | *c[0]=a1[0]+b[0];
      |         ^
exercises.c:132:13: error: ‘b’ undeclared (first use in this function)
  132 | *c[0]=a1[0]+b[0];
      |             ^
exercises.c:132:13: note: each undeclared identifier is reported only once for each function it appears in
exercises.c:133:2: error: invalid type argument of unary ‘*’ (have ‘Vector’)
  133 |  *c[1]=
      |  ^~~~~
exercises.c:134:1: error: expected expression before ‘}’ token
  134 | }
      | ^
cc1: all warnings being treated as errors
Compilation failed
911414b
Mon 15 Aug 2022 01:36:17 AM UTC: 
 exercises.c | 4 +++-
 1 file changed, 3 insertions(+), 1 deletion(-)
In file included from test.c:5:
exercises.c: In function ‘asignarValor’:
exercises.c:103:8: error: incompatible types when assigning to type ‘Vector’ from type ‘int’
  103 |   v[i]=valor;
      |        ^~~~~
exercises.c: In function ‘sumaV’:
exercises.c:124:14: error: invalid operands to binary + (have ‘Vector’ and ‘Vector’)
  124 |     c[i]=a[i]+b[i];
      |          ~~~~^~~~~
      |           |    |
      |           |    Vector
      |           Vector
exercises.c: In function ‘sumaV2’:
exercises.c:134:1: error: invalid type argument of unary ‘*’ (have ‘Vector’)
  134 | *c[0]=a1[0]+b[0];
      | ^~~~~
exercises.c:134:9: error: subscripted value is neither array nor pointer nor vector
  134 | *c[0]=a1[0]+b[0];
      |         ^
exercises.c:134:13: error: ‘b’ undeclared (first use in this function)
  134 | *c[0]=a1[0]+b[0];
      |             ^
exercises.c:134:13: note: each undeclared identifier is reported only once for each function it appears in
exercises.c:135:2: error: invalid type argument of unary ‘*’ (have ‘Vector’)
  135 |  *c[1]=
      |  ^~~~~
exercises.c:136:1: error: expected expression before ‘}’ token
  136 | }
      | ^
Compilation failed
66d885a
Mon 15 Aug 2022 01:40:38 AM UTC: 
 exercises.c | 4 ++--
 1 file changed, 2 insertions(+), 2 deletions(-)
In file included from test.c:5:
exercises.c: In function ‘asignarValor’:
exercises.c:103:8: error: incompatible types when assigning to type ‘Vector’ from type ‘int’
  103 |   v[i]=valor;
      |        ^~~~~
exercises.c: In function ‘sumaV’:
exercises.c:124:14: error: invalid operands to binary + (have ‘Vector’ and ‘Vector’)
  124 |     c[i]=a[i]+b[i];
      |          ~~~~^~~~~
      |           |    |
      |           |    Vector
      |           Vector
exercises.c: In function ‘sumaV2’:
exercises.c:134:3: error: invalid type argument of unary ‘*’ (have ‘int’)
  134 |   *c->datos[0]=a1 + b1;
      |   ^~~~~~~~~~~~
exercises.c:135:3: error: invalid type argument of unary ‘*’ (have ‘int’)
  135 |   *c->datos[1]=a2 + b2;
      |   ^~~~~~~~~~~~
Compilation failed
a7f45dd
Mon 15 Aug 2022 01:41:46 AM UTC: 
 exercises.c | 4 ++--
 1 file changed, 2 insertions(+), 2 deletions(-)
In file included from test.c:5:
exercises.c: In function ‘asignarValor’:
exercises.c:103:8: error: incompatible types when assigning to type ‘Vector’ from type ‘int’
  103 |   v[i]=valor;
      |        ^~~~~
exercises.c: In function ‘sumaV’:
exercises.c:124:14: error: invalid operands to binary + (have ‘Vector’ and ‘Vector’)
  124 |     c[i]=a[i]+b[i];
      |          ~~~~^~~~~
      |           |    |
      |           |    Vector
      |           Vector
Compilation failed
4bedd03
Mon 15 Aug 2022 01:43:22 AM UTC: 
 exercises.c | 1 +
 1 file changed, 1 insertion(+)
In file included from test.c:5:
exercises.c: In function ‘asignarValor’:
exercises.c:103:8: error: incompatible types when assigning to type ‘Vector’ from type ‘int’
  103 |   v[i]=valor;
      |        ^~~~~
exercises.c: In function ‘sumaV’:
exercises.c:124:14: error: invalid operands to binary + (have ‘Vector’ and ‘Vector’)
  124 |     c[i]=a[i]+b[i];
      |          ~~~~^~~~~
      |           |    |
      |           |    Vector
      |           Vector
exercises.c: At top level:
exercises.c:137:1: error: data definition has no type or storage class [-Werror]
  137 | free;
      | ^~~~
exercises.c:137:1: error: type defaults to ‘int’ in declaration of ‘free’ [-Werror=implicit-int]
exercises.c:137:1: error: ‘free’ redeclared as different kind of symbol
In file included from test.c:2:
/nix/store/iwd8ic5hhwdxn5dga0im55g5hjl270cd-glibc-2.33-47-dev/include/stdlib.h:565:13: note: previous declaration of ‘free’ was here
  565 | extern void free (void *__ptr) __THROW;
      |             ^~~~
cc1: all warnings being treated as errors
Compilation failed
2d26b69
Mon 15 Aug 2022 01:45:04 AM UTC: 
 exercises.c | 3 +--
 1 file changed, 1 insertion(+), 2 deletions(-)
In file included from test.c:5:
exercises.c: In function ‘asignarValor’:
exercises.c:103:8: error: incompatible types when assigning to type ‘Vector’ from type ‘int’
  103 |   v[i]=valor;
      |        ^~~~~
exercises.c: In function ‘sumaV’:
exercises.c:124:14: error: invalid operands to binary + (have ‘Vector’ and ‘Vector’)
  124 |     c[i]=a[i]+b[i];
      |          ~~~~^~~~~
      |           |    |
      |           |    Vector
      |           Vector
Compilation failed
3d57058
Mon 15 Aug 2022 01:45:50 AM UTC: 
 exercises.c | 2 +-
 1 file changed, 1 insertion(+), 1 deletion(-)
In file included from test.c:5:
exercises.c: In function ‘asignarValor’:
exercises.c:103:8: error: incompatible types when assigning to type ‘Vector’ from type ‘int’
  103 |   v[i]=valor;
      |        ^~~~~
exercises.c: In function ‘sumaV’:
exercises.c:124:14: error: invalid operands to binary + (have ‘Vector’ and ‘Vector’)
  124 |     c[i]=a[i]+b[i];
      |          ~~~~^~~~~
      |           |    |
      |           |    Vector
      |           Vector
Compilation failed
780911f
Mon 15 Aug 2022 01:46:01 AM UTC: 
 exercises.c | 2 +-
 1 file changed, 1 insertion(+), 1 deletion(-)
In file included from test.c:5:
exercises.c: In function ‘asignarValor’:
exercises.c:103:8: error: incompatible types when assigning to type ‘Vector’ from type ‘int’
  103 |   v[i]=valor;
      |        ^~~~~
exercises.c: In function ‘sumaV’:
exercises.c:124:14: error: invalid operands to binary + (have ‘Vector’ and ‘Vector’)
  124 |     c[i]=a[i]+b[i];
      |          ~~~~^~~~~
      |           |    |
      |           |    Vector
      |           Vector
Compilation failed
a874365
Mon 15 Aug 2022 01:46:14 AM UTC: 
 exercises.c | 2 +-
 1 file changed, 1 insertion(+), 1 deletion(-)
In file included from test.c:5:
exercises.c: In function ‘asignarValor’:
exercises.c:103:8: error: incompatible types when assigning to type ‘Vector’ from type ‘int’
  103 |   v[i]=valor;
      |        ^~~~~
exercises.c: In function ‘sumaV’:
exercises.c:124:14: error: invalid operands to binary + (have ‘Vector’ and ‘Vector’)
  124 |     c[i]=a[i]+b[i];
      |          ~~~~^~~~~
      |           |    |
      |           |    Vector
      |           Vector
Compilation failed
c44741f
Mon 15 Aug 2022 01:46:23 AM UTC: 
 exercises.c | 2 +-
 1 file changed, 1 insertion(+), 1 deletion(-)
In file included from test.c:5:
exercises.c: In function ‘asignarValor’:
exercises.c:103:8: error: incompatible types when assigning to type ‘Vector’ from type ‘int’
  103 |   v[i]=valor;
      |        ^~~~~
exercises.c: In function ‘sumaV’:
exercises.c:124:14: error: invalid operands to binary + (have ‘Vector’ and ‘Vector’)
  124 |     c[i]=a[i]+b[i];
      |          ~~~~^~~~~
      |           |    |
      |           |    Vector
      |           Vector
Compilation failed
33beb44
Mon 15 Aug 2022 01:53:14 AM UTC: 
 exercises.c | 3 ++-
 1 file changed, 2 insertions(+), 1 deletion(-)
In file included from test.c:5:
exercises.c: In function ‘asignarValor’:
exercises.c:103:8: error: incompatible types when assigning to type ‘Vector’ from type ‘int’
  103 |   v[i]=valor;
      |        ^~~~~
Compilation failed
320ec3e
Mon 15 Aug 2022 01:57:21 AM UTC: 
 exercises.c | 2 +-
 1 file changed, 1 insertion(+), 1 deletion(-)
In file included from test.c:5:
exercises.c: In function ‘asignarValor’:
exercises.c:103:8: error: incompatible types when assigning to type ‘Vector’ from type ‘int’
  103 |   v[i]=valor;
      |        ^~~~~
Compilation failed
e42cc3d
